#
# A fatal error has been detected by the Java Runtime Environment:
#
#  EXCEPTION_ACCESS_VIOLATION (0xc0000005) at pc=0x00007ff891600502, pid=18064, tid=3640
#
# JRE version: Java(TM) SE Runtime Environment (22.0.1+8) (build 22.0.1+8-16)
# Java VM: Java HotSpot(TM) 64-Bit Server VM (22.0.1+8-16, mixed mode, sharing, tiered, compressed oops, compressed class ptrs, g1 gc, windows-amd64)
# Problematic frame:
# V  [jvm.dll+0x450502]
#
# No core dump will be written. Minidumps are not enabled by default on client versions of Windows
#
# If you would like to submit a bug report, please visit:
#   https://bugreport.java.com/bugreport/crash.jsp
#

---------------  S U M M A R Y ------------

Command Line: -Dfile.encoding=UTF-8 --module-path=C:\javafx-sdk-22.0.2\lib --add-modules=javafx.controls,javafx.graphics,javafx.fxml --module-path=C:\Users\Talong PC\OneDrive\Documents\NetBeansProjects\JavaFXNetBeans\build\classes;C:\Users\Talong PC\OneDrive\Documents\NetBeansProjects\JavaFXNetBeans\lib\javafx-22.0.2\javafx-swt.jar;C:\Users\Talong PC\OneDrive\Documents\NetBeansProjects\JavaFXNetBeans\lib\javafx-22.0.2\javafx.base.jar;C:\Users\Talong PC\OneDrive\Documents\NetBeansProjects\JavaFXNetBeans\lib\javafx-22.0.2\javafx.controls.jar;C:\Users\Talong PC\OneDrive\Documents\NetBeansProjects\JavaFXNetBeans\lib\javafx-22.0.2\javafx.fxml.jar;C:\Users\Talong PC\OneDrive\Documents\NetBeansProjects\JavaFXNetBeans\lib\javafx-22.0.2\javafx.graphics.jar;C:\Users\Talong PC\OneDrive\Documents\NetBeansProjects\JavaFXNetBeans\lib\javafx-22.0.2\javafx.media.jar;C:\Users\Talong PC\OneDrive\Documents\NetBeansProjects\JavaFXNetBeans\lib\javafx-22.0.2\javafx.swing.jar;C:\Users\Talong PC\OneDrive\Documents\NetBeansProjects\JavaFXNetBeans\lib\javafx-22.0.2\javafx.web.jar org.jareth.Main

Host: Intel(R) Core(TM) i7-4790K CPU @ 4.00GHz, 8 cores, 15G,  Windows 10 , 64 bit Build 19041 (10.0.19041.3636)
Time: Tue Sep 10 19:00:36 2024 Malay Peninsula Standard Time elapsed time: 0.491953 seconds (0d 0h 0m 0s)

---------------  T H R E A D  ---------------

Current thread (0x000001db00a445e0):  JavaThread "WindowsNativeRunloopThread"        [_thread_in_vm, id=3640, stack(0x0000005311900000,0x0000005311a00000) (1024K)]

Stack: [0x0000005311900000,0x0000005311a00000],  sp=0x00000053119fee70,  free space=1019k
Native frames: (J=compiled Java code, j=interpreted, Vv=VM code, C=native code)
V  [jvm.dll+0x450502]  (no source info available)
C  [glass.dll+0x52cc]  (no source info available)
C  [glass.dll+0xa936]  (no source info available)
C  0x000001db70fdcfc7  (no source info available)

The last pc belongs to native method entry point (kind = native) (printed below).
Java frames: (J=compiled Java code, j=interpreted, Vv=VM code)
j  com.sun.glass.ui.win.WinApplication._runLoop(Ljava/lang/Runnable;)V+0 javafx.graphics@22.0.2
j  com.sun.glass.ui.win.WinApplication.lambda$runLoop$3(ILjava/lang/Runnable;)V+8 javafx.graphics@22.0.2
j  com.sun.glass.ui.win.WinApplication$$Lambda+0x000001db02030870.run()V+12 javafx.graphics@22.0.2
j  java.lang.Thread.runWith(Ljava/lang/Object;Ljava/lang/Runnable;)V+5 java.base@22.0.1
j  java.lang.Thread.run()V+19 java.base@22.0.1
v  ~StubRoutines::call_stub 0x000001db70fd100d

siginfo: EXCEPTION_ACCESS_VIOLATION (0xc0000005), reading address 0x0000000000000000


Registers:
RAX=0x0000000000000000, RBX=0x000001db00a445e0, RCX=0x000001db00a449a0, RDX=0x00000053119ff058
RSP=0x00000053119fee70, RBP=0x00000053119fef78, RSI=0x0000000000000000, RDI=0x000001db00a449a0
R8 =0x0000000000000000, R9 =0x00000053119fef78, R10=0x0000000000000000, R11=0x0000000000000246
R12=0x0000000000000000, R13=0x000001db424f18c8, R14=0x00000053119ff058, R15=0x000001db00a445e0
RIP=0x00007ff891600502, EFLAGS=0x0000000000010246


Register to memory mapping:

RAX=0x0 is null
RBX=0x000001db00a445e0 is a thread
RCX=0x000001db00a449a0 points into unknown readable memory: 0x00007ff891d8dac0 | c0 da d8 91 f8 7f 00 00
RDX=0x00000053119ff058 is pointing into the stack for thread: 0x000001db00a445e0
RSP=0x00000053119fee70 is pointing into the stack for thread: 0x000001db00a445e0
RBP=0x00000053119fef78 is pointing into the stack for thread: 0x000001db00a445e0
RSI=0x0 is null
RDI=0x000001db00a449a0 points into unknown readable memory: 0x00007ff891d8dac0 | c0 da d8 91 f8 7f 00 00
R8 =0x0 is null
R9 =0x00000053119fef78 is pointing into the stack for thread: 0x000001db00a445e0
R10=0x0 is null
R11=0x0000000000000246 is an unknown value
R12=0x0 is null
R13={method} {0x000001db424f18d0} '_runLoop' '(Ljava/lang/Runnable;)V' in 'com/sun/glass/ui/win/WinApplication'
R14=0x00000053119ff058 is pointing into the stack for thread: 0x000001db00a445e0
R15=0x000001db00a445e0 is a thread

Top of Stack: (sp=0x00000053119fee70)
0x00000053119fee70:   0000000000000000 00007ff9048138d6
0x00000053119fee80:   000001db00000000 00000053119fee98
0x00000053119fee90:   00000d90846fdc75 0000000000320030
0x00000053119feea0:   00007ff90375ac28 00007ff903688334
0x00000053119feeb0:   00007ff90377f2b0 00007ff9021b32ab
0x00000053119feec0:   000001db00a445e0 0000000000000000
0x00000053119feed0:   0000000000000000 0000000000000000
0x00000053119feee0:   000001db4678d520 00007ff903bd284f
0x00000053119feef0:   0000000000180016 00007ff90375abe8
0x00000053119fef00:   00000053119feef0 0000000000000000
0x00000053119fef10:   000001db00a445e0 00000053119ff060
0x00000053119fef20:   000001db00a449a0 00007ff8d7e652cc
0x00000053119fef30:   0000000000000000 00000053119ff038
0x00000053119fef40:   00000053119ff058 000001db00a449a0
0x00000053119fef50:   00000053119ff058 00007ff8d7e6a936
0x00000053119fef60:   000001db424f18c8 000001db00000000
0x00000053119fef70:   0000000000000000 0000000000000001
0x00000053119fef80:   000001db70fd89b6 000001db70fdce38
0x00000053119fef90:   000001db424f18c8 000001db424f18c8
0x00000053119fefa0:   000001db424f18c8 00000053119ff060
0x00000053119fefb0:   000001db70fd89b6 000001db70fdcfc7
0x00000053119fefc0:   000001db424f18c8 00000053119ff590
0x00000053119fefd0:   3ff0000000000000 000001db00a445e0
0x00000053119fefe0:   00000053119ff590 000001db70fdcc5b
0x00000053119feff0:   fffffffffffffff7 000001db424f18c8
0x00000053119ff000:   0000000000000005 000001db42517a00
0x00000053119ff010:   0000000000000000 0000000710037240
0x00000053119ff020:   000001db424f18c8 0000000000000000
0x00000053119ff030:   00000053119ff058 00000053119ff0b0
0x00000053119ff040:   000001db70fd88c0 0000000000000000
0x00000053119ff050:   000001db70fda517 00000007100d91c8
0x00000053119ff060:   00000007100cf358 fffffffffffffff7 

Instructions: (pc=0x00007ff891600502)
0x00007ff891600402:   ff 48 8b 4b 08 48 8b 43 10 48 89 41 10 48 8b 4b
0x00007ff891600412:   08 48 8b 43 18 48 89 41 18 48 8b 4b 08 48 8b 43
0x00007ff891600422:   20 48 89 41 20 48 8d 8f a0 03 00 00 e8 bd 85 ec
0x00007ff891600432:   ff 90 c7 87 54 04 00 00 04 00 00 00 48 81 c4 b8
0x00007ff891600442:   00 00 00 41 5f 41 5e 5f 5e 5d 5b c3 cc cc 48 89
0x00007ff891600452:   5c 24 08 48 89 6c 24 10 48 89 74 24 18 57 41 56
0x00007ff891600462:   41 57 48 81 ec a0 00 00 00 8b 81 b8 00 00 00 48
0x00007ff891600472:   8d 99 40 fc ff ff 05 53 21 ff ff 49 8b e9 49 8b
0x00007ff891600482:   f0 4c 8b f2 48 8b f9 83 f8 01 77 08 48 8b cb e8
0x00007ff891600492:   ca 17 fa ff 80 3d 97 2b 7f 00 00 c7 83 54 04 00
0x00007ff8916004a2:   00 06 00 00 00 75 06 e8 92 23 28 00 90 48 8b 83
0x00007ff8916004b2:   58 04 00 00 a8 01 74 0d 45 33 c0 b2 01 48 8b cb
0x00007ff8916004c2:   e8 e9 5e 2f 00 8b 83 50 04 00 00 a8 0c 74 08 48
0x00007ff8916004d2:   8b cb e8 27 2c fa ff c7 83 54 04 00 00 06 00 00
0x00007ff8916004e2:   00 48 83 7b 08 00 48 89 5c 24 50 48 c7 44 24 58
0x00007ff8916004f2:   00 00 00 00 74 0a 48 8d 4c 24 50 e8 0e fd 2b 00
0x00007ff891600502:   48 8b 16 48 8d 4c 24 70 c6 44 24 40 0e e8 ac b1
0x00007ff891600512:   00 00 48 8d 44 24 70 48 89 5c 24 30 48 89 44 24
0x00007ff891600522:   28 4c 8d 3d 36 9e 5b 00 41 b9 01 00 00 00 48 89
0x00007ff891600532:   74 24 20 4d 8b c6 4c 89 7c 24 70 48 8d 54 24 40
0x00007ff891600542:   48 89 ac 24 98 00 00 00 48 8b cf e8 7e bf 00 00
0x00007ff891600552:   48 83 7c 24 58 00 4c 89 7c 24 70 48 c7 84 24 98
0x00007ff891600562:   00 00 00 00 00 00 00 74 0a 48 8d 4c 24 50 e8 1b
0x00007ff891600572:   fd 2b 00 48 8b bb 98 01 00 00 48 8b 47 10 48 83
0x00007ff891600582:   38 00 74 08 48 8b cf e8 72 37 f5 ff 48 8b 4f 08
0x00007ff891600592:   48 8b 47 10 48 89 41 10 48 8b 4f 08 48 8b 47 18
0x00007ff8916005a2:   48 89 41 18 48 8b 4f 08 48 8b 47 20 48 89 41 20
0x00007ff8916005b2:   48 8d 8b a0 03 00 00 e8 32 84 ec ff 4c 8d 9c 24
0x00007ff8916005c2:   a0 00 00 00 90 49 8b 6b 28 49 8b 73 30 c7 83 54
0x00007ff8916005d2:   04 00 00 04 00 00 00 49 8b 5b 20 49 8b e3 41 5f
0x00007ff8916005e2:   41 5e 5f c3 cc cc cc cc cc cc cc cc cc cc 48 89
0x00007ff8916005f2:   5c 24 08 48 89 6c 24 10 48 89 74 24 18 48 89 7c 


Stack slot to memory mapping:

stack at sp + 0 slots: 0x0 is null
stack at sp + 1 slots: 0x00007ff9048138d6 ntdll.dll
stack at sp + 2 slots: 0x000001db00000000 is an unknown value
stack at sp + 3 slots: 0x00000053119fee98 is pointing into the stack for thread: 0x000001db00a445e0
stack at sp + 4 slots: 0x00000d90846fdc75 is an unknown value
stack at sp + 5 slots: 0x0000000000320030 is an unknown value
stack at sp + 6 slots: 0x00007ff90375ac28 ole32.dll
stack at sp + 7 slots: 0x00007ff903688334 ole32.dll

native method entry point (kind = native)  [0x000001db70fdcba0, 0x000001db70fdd6c0]  2848 bytes
[MachCode]
  0x000001db70fdcba0: 488b 4b08 | 0fb7 492e | 584c 8d74 | ccf8 6800 | 0000 0068 | 0000 0000 | 5055 488b | ec41 5568 
  0x000001db70fdcbc0: 0000 0000 | 4c8b 6b08 | 4d8d 6d38 | 5348 8b53 | 0848 8b52 | 0848 8b52 | 1848 8b52 | 7048 8b12 
  0x000001db70fdcbe0: 5248 8b53 | 1048 85d2 | 0f84 0700 | 0000 4881 | c210 0100 | 0052 488b | 5308 488b | 5208 488b 
  0x000001db70fdcc00: 5210 5249 | 8bc6 482b | c548 c1e8 | 0350 6800 | 0000 0068 | f7ff ffff | 41c6 8781 | 0400 0001 
  0x000001db70fdcc20: 488b 4310 | 4885 c074 | 208b 88cc | 0000 0083 | c102 8988 | cc00 0000 | 2388 e000 | 0000 0f84 
  0x000001db70fdcc40: cb09 0000 | e9cf 0000 | 0048 8b43 | 1848 85c0 | 0f85 b000 | 0000 e805 | 0000 00e9 | 9900 0000 
  0x000001db70fdcc60: 488b d348 | 8d44 2408 | 4c89 6dc0 | 498b cfc5 | f877 4989 | afb0 0300 | 0049 8987 | a003 0000 
  0x000001db70fdcc80: 4883 ec20 | 40f6 c40f | 0f84 1900 | 0000 4883 | ec08 48b8 | a0a3 5891 | f87f 0000 | ffd0 4883 
  0x000001db70fdcca0: c408 e90c | 0000 0048 | b8a0 a358 | 91f8 7f00 | 00ff d048 | 83c4 2049 | c787 a003 | 0000 0000 
  0x000001db70fdccc0: 0000 49c7 | 87b0 0300 | 0000 0000 | 0049 c787 | a803 0000 | 0000 0000 | c5f8 7749 | 837f 0800 
  0x000001db70fdcce0: 0f84 0500 | 0000 e915 | 42ff ff4c | 8b6d c04c | 8b75 c84e | 8d74 f500 | c348 8b43 | 1848 85c0 
  0x000001db70fdcd00: 0f84 1200 | 0000 8b48 | 0883 c102 | 8948 0823 | 481c 0f84 | f708 0000 | 493b a7f0 | 0400 000f 
  0x000001db70fdcd20: 8748 0000 | 0089 8424 | 00f0 ffff | 8984 2400 | e0ff ff89 | 8424 00d0 | ffff 8984 | 2400 c0ff 
  0x000001db70fdcd40: ff89 8424 | 00b0 ffff | 8984 2400 | a0ff ff89 | 8424 0090 | ffff 8984 | 2400 80ff | ff49 3ba7 
  0x000001db70fdcd60: e804 0000 | 7607 4989 | a7f0 0400 | 0041 c687 | 8104 0000 | 0049 ba9c | 30df 91f8 | 7f00 0041 
  0x000001db70fdcd80: 803a 000f | 843e 0000 | 0048 8b55 | e849 8bcf | 4883 ec20 | 40f6 c40f | 0f84 1900 | 0000 4883 
  0x000001db70fdcda0: ec08 48b8 | 40b5 8f91 | f87f 0000 | ffd0 4883 | c408 e90c | 0000 0048 | b840 b58f | 91f8 7f00 
  0x000001db70fdcdc0: 00ff d048 | 83c4 2048 | 8b5d e84c | 8b5b 0845 | 0fb7 5b2e | 41c1 e303 | 492b e348 | 83ec 2048 
  0x000001db70fdcde0: 83e4 f04c | 8b5b 604d | 85db 0f85 | ab00 0000 | e805 0000 | 00e9 9900 | 0000 488b | d348 8d44 
  0x000001db70fdce00: 2408 4c89 | 6dc0 498b | cfc5 f877 | 4989 afb0 | 0300 0049 | 8987 a003 | 0000 4883 | ec20 40f6 
  0x000001db70fdce20: c40f 0f84 | 1900 0000 | 4883 ec08 | 48b8 c0ca | 5891 f87f | 0000 ffd0 | 4883 c408 | e90c 0000 
  0x000001db70fdce40: 0048 b8c0 | ca58 91f8 | 7f00 00ff | d048 83c4 | 2049 c787 | a003 0000 | 0000 0000 | 49c7 87b0 
  0x000001db70fdce60: 0300 0000 | 0000 0049 | c787 a803 | 0000 0000 | 0000 c5f8 | 7749 837f | 0800 0f84 | 0500 0000 
  0x000001db70fdce80: e97b 40ff | ff4c 8b6d | c04c 8b75 | c84e 8d74 | f500 c348 | 8b5d e84c | 8b5b 6041 | ffd3 488b 
  0x000001db70fdcea0: 5de8 4889 | 4518 448b | 5b28 41f6 | c308 0f84 | 1b00 0000 | 4c8b 5b08 | 4d8b 5b08 | 4d8b 5b18 
  0x000001db70fdcec0: 4d8b 5b70 | 4d8b 1b4c | 895d 1048 | 8d55 1048 | 8b43 5849 | ba40 0c90 | 91f8 7f00 | 0049 3bc2 
  0x000001db70fdcee0: 0f85 ab00 | 0000 e805 | 0000 00e9 | 9900 0000 | 488b d348 | 8d44 2408 | 4c89 6dc0 | 498b cfc5 
  0x000001db70fdcf00: f877 4989 | afb0 0300 | 0049 8987 | a003 0000 | 4883 ec20 | 40f6 c40f | 0f84 1900 | 0000 4883 
  0x000001db70fdcf20: ec08 48b8 | c0ca 5891 | f87f 0000 | ffd0 4883 | c408 e90c | 0000 0048 | b8c0 ca58 | 91f8 7f00 
  0x000001db70fdcf40: 00ff d048 | 83c4 2049 | c787 a003 | 0000 0000 | 0000 49c7 | 87b0 0300 | 0000 0000 | 0049 c787 
  0x000001db70fdcf60: a803 0000 | 0000 0000 | c5f8 7749 | 837f 0800 | 0f84 0500 | 0000 e985 | 3fff ff4c | 8b6d c04c 
  0x000001db70fdcf80: 8b75 c84e | 8d74 f500 | c348 8b5d | e848 8b43 | 5849 8d8f | c003 0000 | c5f8 7749 | 89af b003 
  0x000001db70fdcfa0: 0000 49ba | 98cf fd70 | db01 0000 | 4d89 97a8 | 0300 0049 | 89a7 a003 | 0000 41c7 | 8754 0400 
  0x000001db70fdcfc0: 0004 0000 | 00ff d0c5 | f877 4883 | ec10 c5fb | 1104 2448 | 83ec 1048 | 8904 2448 | c744 2408 
  0x000001db70fdcfe0: 0000 0000 | 41c7 8754 | 0400 0005 | 0000 00f0 | 8344 24c0 | 0049 3baf | 5804 0000 | 0f87 0e00 
  0x000001db70fdd000: 0000 4183 | bf50 0400 | 0000 0f84 | 2000 0000 | 498b cf4c | 8be4 4883 | ec20 4883 | e4f0 48b8 
  0x000001db70fdd020: d01e 5a91 | f87f 0000 | ffd0 498b | e44d 33e4 | 41c7 8754 | 0400 0008 | 0000 0049 | c787 a003 
  0x000001db70fdd040: 0000 0000 | 0000 49c7 | 87b0 0300 | 0000 0000 | 0049 c787 | a803 0000 | 0000 0000 | c5f8 774d 
  0x000001db70fdd060: 8b9f 3004 | 0000 41c7 | 8300 0100 | 0000 0000 | 0049 bb1a | a5fd 70db | 0100 004c | 3b5d 180f 
  0x000001db70fdd080: 8524 0200 | 0048 8b04 | 2448 83c4 | 1048 85c0 | 0f84 fe01 | 0000 a803 | 0f85 0800 | 0000 488b 
  0x000001db70fdd0a0: 00e9 ee01 | 0000 a801 | 0f85 0900 | 0000 488b | 40fe e9dd | 0100 0048 | 8b40 ff41 | 807f 3800 
  0x000001db70fdd0c0: 0f84 ce01 | 0000 4883 | f800 0f84 | c401 0000 | 4d8b 5f28 | 4983 fb00 | 0f84 1400 | 0000 4983 
  0x000001db70fdd0e0: eb08 4d89 | 5f28 4d03 | 5f30 4989 | 03e9 a201 | 0000 4881 | ecd0 0000 | 0048 8904 | 2448 894c 
  0x000001db70fdd100: 2408 4889 | 5424 1048 | 8974 2418 | 4889 7c24 | 204c 8944 | 2428 4c89 | 4c24 304c | 8954 2438 
  0x000001db70fdd120: 4c89 5c24 | 40c5 fb11 | 4424 50c5 | fb11 4c24 | 58c5 fb11 | 5424 60c5 | fb11 5c24 | 68c5 fb11 
  0x000001db70fdd140: 6424 70c5 | fb11 6c24 | 78c5 fb11 | b424 8000 | 0000 c5fb | 11bc 2488 | 0000 00c5 | 7b11 8424 
  0x000001db70fdd160: 9000 0000 | c57b 118c | 2498 0000 | 00c5 7b11 | 9424 a000 | 0000 c57b | 119c 24a8 | 0000 00c5 
  0x000001db70fdd180: 7b11 a424 | b000 0000 | c57b 11ac | 24b8 0000 | 00c5 7b11 | b424 c000 | 0000 c57b | 11bc 24c8 
  0x000001db70fdd1a0: 0000 0049 | 8bd7 488b | c848 83ec | 2040 f6c4 | 0f0f 8419 | 0000 0048 | 83ec 0848 | b8e0 3e4d 
  0x000001db70fdd1c0: 91f8 7f00 | 00ff d048 | 83c4 08e9 | 0c00 0000 | 48b8 e03e | 4d91 f87f | 0000 ffd0 | 4883 c420 
  0x000001db70fdd1e0: c57b 10bc | 24c8 0000 | 00c5 7b10 | b424 c000 | 0000 c57b | 10ac 24b8 | 0000 00c5 | 7b10 a424 
  0x000001db70fdd200: b000 0000 | c57b 109c | 24a8 0000 | 00c5 7b10 | 9424 a000 | 0000 c57b | 108c 2498 | 0000 00c5 
  0x000001db70fdd220: 7b10 8424 | 9000 0000 | c5fb 10bc | 2488 0000 | 00c5 fb10 | b424 8000 | 0000 c5fb | 106c 2478 
  0x000001db70fdd240: c5fb 1064 | 2470 c5fb | 105c 2468 | c5fb 1054 | 2460 c5fb | 104c 2458 | c5fb 1044 | 2450 4c8b 
  0x000001db70fdd260: 5c24 404c | 8b54 2438 | 4c8b 4c24 | 304c 8b44 | 2428 488b | 7c24 2048 | 8b74 2418 | 488b 5424 
  0x000001db70fdd280: 1048 8b4c | 2408 488b | 0424 4881 | c4d0 0000 | 00c5 f877 | 4889 4510 | 4883 ec10 | 4889 0424 
  0x000001db70fdd2a0: 48c7 4424 | 0800 0000 | 0041 83bf | d004 0000 | 020f 85bf | 0000 0048 | 81ec 8000 | 0000 4889 
  0x000001db70fdd2c0: 4424 7848 | 894c 2470 | 4889 5424 | 6848 895c | 2460 4889 | 6c24 5048 | 8974 2448 | 4889 7c24 
  0x000001db70fdd2e0: 404c 8944 | 2438 4c89 | 4c24 304c | 8954 2428 | 4c89 5c24 | 204c 8964 | 2418 4c89 | 6c24 104c 
  0x000001db70fdd300: 8974 2408 | 4c89 3c24 | 4c8b e448 | 83ec 2048 | 83e4 f048 | b890 ed8f | 91f8 7f00 | 00ff d049 
  0x000001db70fdd320: 8be4 4c8b | 3c24 4c8b | 7424 084c | 8b6c 2410 | 4c8b 6424 | 184c 8b5c | 2420 4c8b | 5424 284c 
  0x000001db70fdd340: 8b4c 2430 | 4c8b 4424 | 3848 8b7c | 2440 488b | 7424 4848 | 8b6c 2450 | 488b 5c24 | 6048 8b54 
  0x000001db70fdd360: 2468 488b | 4c24 7048 | 8b44 2478 | 4881 c480 | 0000 004d | 33e4 488b | 5de8 4c8b | 6b08 4d8d 
  0x000001db70fdd380: 6d38 4983 | 7f08 000f | 84bb 0000 | 00e8 0500 | 0000 e996 | 0000 0048 | 8d44 2408 | 4c89 6dc0 
  0x000001db70fdd3a0: 498b cfc5 | f877 4989 | afb0 0300 | 0049 8987 | a003 0000 | 4883 ec20 | 40f6 c40f | 0f84 1900 
  0x000001db70fdd3c0: 0000 4883 | ec08 48b8 | 00e9 5891 | f87f 0000 | ffd0 4883 | c408 e90c | 0000 0048 | b800 e958 
  0x000001db70fdd3e0: 91f8 7f00 | 00ff d048 | 83c4 2049 | c787 a003 | 0000 0000 | 0000 49c7 | 87b0 0300 | 0000 0000 
  0x000001db70fdd400: 0049 c787 | a803 0000 | 0000 0000 | c5f8 7749 | 837f 0800 | 0f84 0500 | 0000 e9e1 | 3aff ff4c 
  0x000001db70fdd420: 8b6d c04c | 8b75 c84e | 8d74 f500 | c348 b9c0 | 18b7 91f8 | 7f00 0048 | 83e4 f048 | b8c0 947e 
  0x000001db70fdd440: 91f8 7f00 | 00ff d0f4 | 448b 5b28 | 41f6 c320 | 0f84 4401 | 0000 488d | 55a8 4c8b | 5a08 4d85 
  0x000001db70fdd460: db0f 85bb | 0000 00e8 | 0500 0000 | e996 0000 | 0048 8d44 | 2408 4c89 | 6dc0 498b | cfc5 f877 
  0x000001db70fdd480: 4989 afb0 | 0300 0049 | 8987 a003 | 0000 4883 | ec20 40f6 | c40f 0f84 | 1900 0000 | 4883 ec08 
  0x000001db70fdd4a0: 48b8 30e8 | 5891 f87f | 0000 ffd0 | 4883 c408 | e90c 0000 | 0048 b830 | e858 91f8 | 7f00 00ff 
  0x000001db70fdd4c0: d048 83c4 | 2049 c787 | a003 0000 | 0000 0000 | 49c7 87b0 | 0300 0000 | 0000 0049 | c787 a803 
  0x000001db70fdd4e0: 0000 0000 | 0000 c5f8 | 7749 837f | 0800 0f84 | 0500 0000 | e907 3aff | ff4c 8b6d | c04c 8b75 
  0x000001db70fdd500: c84e 8d74 | f500 c348 | b9c0 18b7 | 91f8 7f00 | 0048 83e4 | f048 b8c0 | 947e 91f8 | 7f00 00ff 
  0x000001db70fdd520: d0f4 4c89 | 6dc0 488d | 024c 8b4a | 0848 c742 | 0800 0000 | 004c 8b00 | 4d85 c00f | 840b 0000 
  0x000001db70fdd540: 00f0 4d0f | b101 0f85 | 0c00 0000 | 49ff 8f58 | 0500 00e9 | 3e00 0000 | 4c89 4a08 | 488b ca48 
  0x000001db70fdd560: 83ec 2040 | f6c4 0f0f | 8419 0000 | 0048 83ec | 0848 b8c0 | ba58 91f8 | 7f00 00ff | d048 83c4 
  0x000001db70fdd580: 08e9 0c00 | 0000 48b8 | c0ba 5891 | f87f 0000 | ffd0 4883 | c420 4c8b | 6dc0 49ba | 9c30 df91 
  0x000001db70fdd5a0: f87f 0000 | 4180 3a00 | 0f84 3e00 | 0000 488b | 55e8 498b | cf48 83ec | 2040 f6c4 | 0f0f 8419 
  0x000001db70fdd5c0: 0000 0048 | 83ec 0848 | b840 b58f | 91f8 7f00 | 00ff d048 | 83c4 08e9 | 0c00 0000 | 48b8 40b5 
  0x000001db70fdd5e0: 8f91 f87f | 0000 ffd0 | 4883 c420 | 488b 0424 | 4883 c410 | c5fb 1004 | 2448 83c4 | 104c 8b5d 
  0x000001db70fdd600: 1841 ffd3 | 4c8b 5df8 | c95f 498b | e3ff e7ba | 0000 0000 | e805 0000 | 00e9 9600 | 0000 488d 
  0x000001db70fdd620: 4424 084c | 896d c049 | 8bcf c5f8 | 7749 89af | b003 0000 | 4989 87a0 | 0300 0048 | 83ec 2040 
  0x000001db70fdd640: f6c4 0f0f | 8419 0000 | 0048 83ec | 0848 b880 | ae58 91f8 | 7f00 00ff | d048 83c4 | 08e9 0c00 
  0x000001db70fdd660: 0000 48b8 | 80ae 5891 | f87f 0000 | ffd0 4883 | c420 49c7 | 87a0 0300 | 0000 0000 | 0049 c787 
  0x000001db70fdd680: b003 0000 | 0000 0000 | 49c7 87a8 | 0300 0000 | 0000 00c5 | f877 4983 | 7f08 000f | 8405 0000 
  0x000001db70fdd6a0: 00e9 5a38 | ffff 4c8b | 6dc0 4c8b | 75c8 4e8d | 74f5 00c3 | 488b 5de8 | e95b f6ff | ff66 6690 
[/MachCode]

---------------  P R O C E S S  ---------------

Threads class SMR info:
_java_thread_list=0x000001db00c84360, length=15, elements={
0x000001db5f5d93d0, 0x000001db008102b0, 0x000001db00813ff0, 0x000001db0081ee20,
0x000001db0081f880, 0x000001db008202e0, 0x000001db00824240, 0x000001db00824fd0,
0x000001db00825a80, 0x000001db00a438c0, 0x000001db00a5f3e0, 0x000001db00a43f50,
0x000001db00a46020, 0x000001db00a46d40, 0x000001db00a445e0
}

Java Threads: ( => current thread )
  0x000001db5f5d93d0 JavaThread "main"                              [_thread_blocked, id=4456, stack(0x0000005310300000,0x0000005310400000) (1024K)]
  0x000001db008102b0 JavaThread "Reference Handler"          daemon [_thread_blocked, id=8856, stack(0x0000005310b00000,0x0000005310c00000) (1024K)]
  0x000001db00813ff0 JavaThread "Finalizer"                  daemon [_thread_blocked, id=15764, stack(0x0000005310c00000,0x0000005310d00000) (1024K)]
  0x000001db0081ee20 JavaThread "Signal Dispatcher"          daemon [_thread_blocked, id=16560, stack(0x0000005310d00000,0x0000005310e00000) (1024K)]
  0x000001db0081f880 JavaThread "Attach Listener"            daemon [_thread_blocked, id=3196, stack(0x0000005310e00000,0x0000005310f00000) (1024K)]
  0x000001db008202e0 JavaThread "Service Thread"             daemon [_thread_blocked, id=9252, stack(0x0000005310f00000,0x0000005311000000) (1024K)]
  0x000001db00824240 JavaThread "Monitor Deflation Thread"   daemon [_thread_blocked, id=16424, stack(0x0000005311000000,0x0000005311100000) (1024K)]
  0x000001db00824fd0 JavaThread "C2 CompilerThread0"         daemon [_thread_blocked, id=11728, stack(0x0000005311100000,0x0000005311200000) (1024K)]
  0x000001db00825a80 JavaThread "C1 CompilerThread0"         daemon [_thread_blocked, id=17260, stack(0x0000005311200000,0x0000005311300000) (1024K)]
  0x000001db00a438c0 JavaThread "Common-Cleaner"             daemon [_thread_blocked, id=2524, stack(0x0000005311300000,0x0000005311400000) (1024K)]
  0x000001db00a5f3e0 JavaThread "C2 CompilerThread1"         daemon [_thread_blocked, id=7940, stack(0x0000005311400000,0x0000005311500000) (1024K)]
  0x000001db00a43f50 JavaThread "Notification Thread"        daemon [_thread_blocked, id=2672, stack(0x0000005311600000,0x0000005311700000) (1024K)]
  0x000001db00a46020 JavaThread "QuantumRenderer-0"          daemon [_thread_blocked, id=17808, stack(0x0000005311500000,0x0000005311600000) (1024K)]
  0x000001db00a46d40 JavaThread "InvokeLaterDispatcher"      daemon [_thread_blocked, id=10124, stack(0x0000005311800000,0x0000005311900000) (1024K)]
=>0x000001db00a445e0 JavaThread "WindowsNativeRunloopThread"        [_thread_in_vm, id=3640, stack(0x0000005311900000,0x0000005311a00000) (1024K)]
Total: 15

Other Threads:
  0x000001db007f4730 VMThread "VM Thread"                           [id=11640, stack(0x0000005310a00000,0x0000005310b00000) (1024K)]
  0x000001db007d87e0 WatcherThread "VM Periodic Task Thread"        [id=14640, stack(0x0000005310900000,0x0000005310a00000) (1024K)]
  0x000001db617ae810 WorkerThread "GC Thread#0"                     [id=17772, stack(0x0000005310400000,0x0000005310500000) (1024K)]
  0x000001db617c0fe0 ConcurrentGCThread "G1 Main Marker"            [id=10804, stack(0x0000005310500000,0x0000005310600000) (1024K)]
  0x000001db617c21a0 WorkerThread "G1 Conc#0"                       [id=10932, stack(0x0000005310600000,0x0000005310700000) (1024K)]
  0x000001db6181e570 ConcurrentGCThread "G1 Refine#0"               [id=11536, stack(0x0000005310700000,0x0000005310800000) (1024K)]
  0x000001db0069c290 ConcurrentGCThread "G1 Service"                [id=17924, stack(0x0000005310800000,0x0000005310900000) (1024K)]
Total: 7

Threads with active compile tasks:
Total: 0

VM state: not at safepoint (normal execution)

VM Mutex/Monitor currently owned by a thread: None

Heap address: 0x0000000701000000, size: 4080 MB, Compressed Oops mode: Zero based, Oop shift amount: 3

CDS archive(s) mapped at: [0x000001db01000000-0x000001db01c60000-0x000001db01c60000), size 12976128, SharedBaseAddress: 0x000001db01000000, ArchiveRelocationMode: 1.
Compressed class space mapped at: 0x000001db02000000-0x000001db42000000, reserved size: 1073741824
Narrow klass base: 0x000001db01000000, Narrow klass shift: 0, Narrow klass range: 0x41000000

GC Precious Log:
 CardTable entry size: 512
 Card Set container configuration: InlinePtr #cards 4 size 8 Array Of Cards #cards 16 size 48 Howl #buckets 8 coarsen threshold 3686 Howl Bitmap #cards 512 size 80 coarsen threshold 460 Card regions per heap region 1 cards per card region 4096
 CPUs: 8 total, 8 available
 Memory: 16318M
 Large Page Support: Disabled
 NUMA Support: Disabled
 Compressed Oops: Enabled (Zero based)
 Heap Region Size: 2M
 Heap Min Capacity: 8M
 Heap Initial Capacity: 256M
 Heap Max Capacity: 4080M
 Pre-touch: Disabled
 Parallel Workers: 8
 Concurrent Workers: 2
 Concurrent Refinement Workers: 8
 Periodic GC: Disabled

Heap:
 garbage-first heap   total reserved 4177920K, committed 262144K, used 14336K [0x0000000701000000, 0x0000000800000000)
  region size 2048K, 8 young (16384K), 0 survivors (0K)
 Metaspace       used 2473K, committed 2688K, reserved 1114112K
  class space    used 261K, committed 384K, reserved 1048576K

Heap Regions: E=young(eden), S=young(survivor), O=old, HS=humongous(starts), HC=humongous(continues), CS=collection set, F=free, TAMS=top-at-mark-start, PB=parsable bottom
|   0|0x0000000701000000, 0x0000000701000000, 0x0000000701200000|  0%| F|  |TAMS 0x0000000701000000| PB 0x0000000701000000| Untracked |  0
|   1|0x0000000701200000, 0x0000000701200000, 0x0000000701400000|  0%| F|  |TAMS 0x0000000701200000| PB 0x0000000701200000| Untracked |  0
|   2|0x0000000701400000, 0x0000000701400000, 0x0000000701600000|  0%| F|  |TAMS 0x0000000701400000| PB 0x0000000701400000| Untracked |  0
|   3|0x0000000701600000, 0x0000000701600000, 0x0000000701800000|  0%| F|  |TAMS 0x0000000701600000| PB 0x0000000701600000| Untracked |  0
|   4|0x0000000701800000, 0x0000000701800000, 0x0000000701a00000|  0%| F|  |TAMS 0x0000000701800000| PB 0x0000000701800000| Untracked |  0
|   5|0x0000000701a00000, 0x0000000701a00000, 0x0000000701c00000|  0%| F|  |TAMS 0x0000000701a00000| PB 0x0000000701a00000| Untracked |  0
|   6|0x0000000701c00000, 0x0000000701c00000, 0x0000000701e00000|  0%| F|  |TAMS 0x0000000701c00000| PB 0x0000000701c00000| Untracked |  0
|   7|0x0000000701e00000, 0x0000000701e00000, 0x0000000702000000|  0%| F|  |TAMS 0x0000000701e00000| PB 0x0000000701e00000| Untracked |  0
|   8|0x0000000702000000, 0x0000000702000000, 0x0000000702200000|  0%| F|  |TAMS 0x0000000702000000| PB 0x0000000702000000| Untracked |  0
|   9|0x0000000702200000, 0x0000000702200000, 0x0000000702400000|  0%| F|  |TAMS 0x0000000702200000| PB 0x0000000702200000| Untracked |  0
|  10|0x0000000702400000, 0x0000000702400000, 0x0000000702600000|  0%| F|  |TAMS 0x0000000702400000| PB 0x0000000702400000| Untracked |  0
|  11|0x0000000702600000, 0x0000000702600000, 0x0000000702800000|  0%| F|  |TAMS 0x0000000702600000| PB 0x0000000702600000| Untracked |  0
|  12|0x0000000702800000, 0x0000000702800000, 0x0000000702a00000|  0%| F|  |TAMS 0x0000000702800000| PB 0x0000000702800000| Untracked |  0
|  13|0x0000000702a00000, 0x0000000702a00000, 0x0000000702c00000|  0%| F|  |TAMS 0x0000000702a00000| PB 0x0000000702a00000| Untracked |  0
|  14|0x0000000702c00000, 0x0000000702c00000, 0x0000000702e00000|  0%| F|  |TAMS 0x0000000702c00000| PB 0x0000000702c00000| Untracked |  0
|  15|0x0000000702e00000, 0x0000000702e00000, 0x0000000703000000|  0%| F|  |TAMS 0x0000000702e00000| PB 0x0000000702e00000| Untracked |  0
|  16|0x0000000703000000, 0x0000000703000000, 0x0000000703200000|  0%| F|  |TAMS 0x0000000703000000| PB 0x0000000703000000| Untracked |  0
|  17|0x0000000703200000, 0x0000000703200000, 0x0000000703400000|  0%| F|  |TAMS 0x0000000703200000| PB 0x0000000703200000| Untracked |  0
|  18|0x0000000703400000, 0x0000000703400000, 0x0000000703600000|  0%| F|  |TAMS 0x0000000703400000| PB 0x0000000703400000| Untracked |  0
|  19|0x0000000703600000, 0x0000000703600000, 0x0000000703800000|  0%| F|  |TAMS 0x0000000703600000| PB 0x0000000703600000| Untracked |  0
|  20|0x0000000703800000, 0x0000000703800000, 0x0000000703a00000|  0%| F|  |TAMS 0x0000000703800000| PB 0x0000000703800000| Untracked |  0
|  21|0x0000000703a00000, 0x0000000703a00000, 0x0000000703c00000|  0%| F|  |TAMS 0x0000000703a00000| PB 0x0000000703a00000| Untracked |  0
|  22|0x0000000703c00000, 0x0000000703c00000, 0x0000000703e00000|  0%| F|  |TAMS 0x0000000703c00000| PB 0x0000000703c00000| Untracked |  0
|  23|0x0000000703e00000, 0x0000000703e00000, 0x0000000704000000|  0%| F|  |TAMS 0x0000000703e00000| PB 0x0000000703e00000| Untracked |  0
|  24|0x0000000704000000, 0x0000000704000000, 0x0000000704200000|  0%| F|  |TAMS 0x0000000704000000| PB 0x0000000704000000| Untracked |  0
|  25|0x0000000704200000, 0x0000000704200000, 0x0000000704400000|  0%| F|  |TAMS 0x0000000704200000| PB 0x0000000704200000| Untracked |  0
|  26|0x0000000704400000, 0x0000000704400000, 0x0000000704600000|  0%| F|  |TAMS 0x0000000704400000| PB 0x0000000704400000| Untracked |  0
|  27|0x0000000704600000, 0x0000000704600000, 0x0000000704800000|  0%| F|  |TAMS 0x0000000704600000| PB 0x0000000704600000| Untracked |  0
|  28|0x0000000704800000, 0x0000000704800000, 0x0000000704a00000|  0%| F|  |TAMS 0x0000000704800000| PB 0x0000000704800000| Untracked |  0
|  29|0x0000000704a00000, 0x0000000704a00000, 0x0000000704c00000|  0%| F|  |TAMS 0x0000000704a00000| PB 0x0000000704a00000| Untracked |  0
|  30|0x0000000704c00000, 0x0000000704c00000, 0x0000000704e00000|  0%| F|  |TAMS 0x0000000704c00000| PB 0x0000000704c00000| Untracked |  0
|  31|0x0000000704e00000, 0x0000000704e00000, 0x0000000705000000|  0%| F|  |TAMS 0x0000000704e00000| PB 0x0000000704e00000| Untracked |  0
|  32|0x0000000705000000, 0x0000000705000000, 0x0000000705200000|  0%| F|  |TAMS 0x0000000705000000| PB 0x0000000705000000| Untracked |  0
|  33|0x0000000705200000, 0x0000000705200000, 0x0000000705400000|  0%| F|  |TAMS 0x0000000705200000| PB 0x0000000705200000| Untracked |  0
|  34|0x0000000705400000, 0x0000000705400000, 0x0000000705600000|  0%| F|  |TAMS 0x0000000705400000| PB 0x0000000705400000| Untracked |  0
|  35|0x0000000705600000, 0x0000000705600000, 0x0000000705800000|  0%| F|  |TAMS 0x0000000705600000| PB 0x0000000705600000| Untracked |  0
|  36|0x0000000705800000, 0x0000000705800000, 0x0000000705a00000|  0%| F|  |TAMS 0x0000000705800000| PB 0x0000000705800000| Untracked |  0
|  37|0x0000000705a00000, 0x0000000705a00000, 0x0000000705c00000|  0%| F|  |TAMS 0x0000000705a00000| PB 0x0000000705a00000| Untracked |  0
|  38|0x0000000705c00000, 0x0000000705c00000, 0x0000000705e00000|  0%| F|  |TAMS 0x0000000705c00000| PB 0x0000000705c00000| Untracked |  0
|  39|0x0000000705e00000, 0x0000000705e00000, 0x0000000706000000|  0%| F|  |TAMS 0x0000000705e00000| PB 0x0000000705e00000| Untracked |  0
|  40|0x0000000706000000, 0x0000000706000000, 0x0000000706200000|  0%| F|  |TAMS 0x0000000706000000| PB 0x0000000706000000| Untracked |  0
|  41|0x0000000706200000, 0x0000000706200000, 0x0000000706400000|  0%| F|  |TAMS 0x0000000706200000| PB 0x0000000706200000| Untracked |  0
|  42|0x0000000706400000, 0x0000000706400000, 0x0000000706600000|  0%| F|  |TAMS 0x0000000706400000| PB 0x0000000706400000| Untracked |  0
|  43|0x0000000706600000, 0x0000000706600000, 0x0000000706800000|  0%| F|  |TAMS 0x0000000706600000| PB 0x0000000706600000| Untracked |  0
|  44|0x0000000706800000, 0x0000000706800000, 0x0000000706a00000|  0%| F|  |TAMS 0x0000000706800000| PB 0x0000000706800000| Untracked |  0
|  45|0x0000000706a00000, 0x0000000706a00000, 0x0000000706c00000|  0%| F|  |TAMS 0x0000000706a00000| PB 0x0000000706a00000| Untracked |  0
|  46|0x0000000706c00000, 0x0000000706c00000, 0x0000000706e00000|  0%| F|  |TAMS 0x0000000706c00000| PB 0x0000000706c00000| Untracked |  0
|  47|0x0000000706e00000, 0x0000000706e00000, 0x0000000707000000|  0%| F|  |TAMS 0x0000000706e00000| PB 0x0000000706e00000| Untracked |  0
|  48|0x0000000707000000, 0x0000000707000000, 0x0000000707200000|  0%| F|  |TAMS 0x0000000707000000| PB 0x0000000707000000| Untracked |  0
|  49|0x0000000707200000, 0x0000000707200000, 0x0000000707400000|  0%| F|  |TAMS 0x0000000707200000| PB 0x0000000707200000| Untracked |  0
|  50|0x0000000707400000, 0x0000000707400000, 0x0000000707600000|  0%| F|  |TAMS 0x0000000707400000| PB 0x0000000707400000| Untracked |  0
|  51|0x0000000707600000, 0x0000000707600000, 0x0000000707800000|  0%| F|  |TAMS 0x0000000707600000| PB 0x0000000707600000| Untracked |  0
|  52|0x0000000707800000, 0x0000000707800000, 0x0000000707a00000|  0%| F|  |TAMS 0x0000000707800000| PB 0x0000000707800000| Untracked |  0
|  53|0x0000000707a00000, 0x0000000707a00000, 0x0000000707c00000|  0%| F|  |TAMS 0x0000000707a00000| PB 0x0000000707a00000| Untracked |  0
|  54|0x0000000707c00000, 0x0000000707c00000, 0x0000000707e00000|  0%| F|  |TAMS 0x0000000707c00000| PB 0x0000000707c00000| Untracked |  0
|  55|0x0000000707e00000, 0x0000000707e00000, 0x0000000708000000|  0%| F|  |TAMS 0x0000000707e00000| PB 0x0000000707e00000| Untracked |  0
|  56|0x0000000708000000, 0x0000000708000000, 0x0000000708200000|  0%| F|  |TAMS 0x0000000708000000| PB 0x0000000708000000| Untracked |  0
|  57|0x0000000708200000, 0x0000000708200000, 0x0000000708400000|  0%| F|  |TAMS 0x0000000708200000| PB 0x0000000708200000| Untracked |  0
|  58|0x0000000708400000, 0x0000000708400000, 0x0000000708600000|  0%| F|  |TAMS 0x0000000708400000| PB 0x0000000708400000| Untracked |  0
|  59|0x0000000708600000, 0x0000000708600000, 0x0000000708800000|  0%| F|  |TAMS 0x0000000708600000| PB 0x0000000708600000| Untracked |  0
|  60|0x0000000708800000, 0x0000000708800000, 0x0000000708a00000|  0%| F|  |TAMS 0x0000000708800000| PB 0x0000000708800000| Untracked |  0
|  61|0x0000000708a00000, 0x0000000708a00000, 0x0000000708c00000|  0%| F|  |TAMS 0x0000000708a00000| PB 0x0000000708a00000| Untracked |  0
|  62|0x0000000708c00000, 0x0000000708c00000, 0x0000000708e00000|  0%| F|  |TAMS 0x0000000708c00000| PB 0x0000000708c00000| Untracked |  0
|  63|0x0000000708e00000, 0x0000000708e00000, 0x0000000709000000|  0%| F|  |TAMS 0x0000000708e00000| PB 0x0000000708e00000| Untracked |  0
|  64|0x0000000709000000, 0x0000000709000000, 0x0000000709200000|  0%| F|  |TAMS 0x0000000709000000| PB 0x0000000709000000| Untracked |  0
|  65|0x0000000709200000, 0x0000000709200000, 0x0000000709400000|  0%| F|  |TAMS 0x0000000709200000| PB 0x0000000709200000| Untracked |  0
|  66|0x0000000709400000, 0x0000000709400000, 0x0000000709600000|  0%| F|  |TAMS 0x0000000709400000| PB 0x0000000709400000| Untracked |  0
|  67|0x0000000709600000, 0x0000000709600000, 0x0000000709800000|  0%| F|  |TAMS 0x0000000709600000| PB 0x0000000709600000| Untracked |  0
|  68|0x0000000709800000, 0x0000000709800000, 0x0000000709a00000|  0%| F|  |TAMS 0x0000000709800000| PB 0x0000000709800000| Untracked |  0
|  69|0x0000000709a00000, 0x0000000709a00000, 0x0000000709c00000|  0%| F|  |TAMS 0x0000000709a00000| PB 0x0000000709a00000| Untracked |  0
|  70|0x0000000709c00000, 0x0000000709c00000, 0x0000000709e00000|  0%| F|  |TAMS 0x0000000709c00000| PB 0x0000000709c00000| Untracked |  0
|  71|0x0000000709e00000, 0x0000000709e00000, 0x000000070a000000|  0%| F|  |TAMS 0x0000000709e00000| PB 0x0000000709e00000| Untracked |  0
|  72|0x000000070a000000, 0x000000070a000000, 0x000000070a200000|  0%| F|  |TAMS 0x000000070a000000| PB 0x000000070a000000| Untracked |  0
|  73|0x000000070a200000, 0x000000070a200000, 0x000000070a400000|  0%| F|  |TAMS 0x000000070a200000| PB 0x000000070a200000| Untracked |  0
|  74|0x000000070a400000, 0x000000070a400000, 0x000000070a600000|  0%| F|  |TAMS 0x000000070a400000| PB 0x000000070a400000| Untracked |  0
|  75|0x000000070a600000, 0x000000070a600000, 0x000000070a800000|  0%| F|  |TAMS 0x000000070a600000| PB 0x000000070a600000| Untracked |  0
|  76|0x000000070a800000, 0x000000070a800000, 0x000000070aa00000|  0%| F|  |TAMS 0x000000070a800000| PB 0x000000070a800000| Untracked |  0
|  77|0x000000070aa00000, 0x000000070aa00000, 0x000000070ac00000|  0%| F|  |TAMS 0x000000070aa00000| PB 0x000000070aa00000| Untracked |  0
|  78|0x000000070ac00000, 0x000000070ac00000, 0x000000070ae00000|  0%| F|  |TAMS 0x000000070ac00000| PB 0x000000070ac00000| Untracked |  0
|  79|0x000000070ae00000, 0x000000070ae00000, 0x000000070b000000|  0%| F|  |TAMS 0x000000070ae00000| PB 0x000000070ae00000| Untracked |  0
|  80|0x000000070b000000, 0x000000070b000000, 0x000000070b200000|  0%| F|  |TAMS 0x000000070b000000| PB 0x000000070b000000| Untracked |  0
|  81|0x000000070b200000, 0x000000070b200000, 0x000000070b400000|  0%| F|  |TAMS 0x000000070b200000| PB 0x000000070b200000| Untracked |  0
|  82|0x000000070b400000, 0x000000070b400000, 0x000000070b600000|  0%| F|  |TAMS 0x000000070b400000| PB 0x000000070b400000| Untracked |  0
|  83|0x000000070b600000, 0x000000070b600000, 0x000000070b800000|  0%| F|  |TAMS 0x000000070b600000| PB 0x000000070b600000| Untracked |  0
|  84|0x000000070b800000, 0x000000070b800000, 0x000000070ba00000|  0%| F|  |TAMS 0x000000070b800000| PB 0x000000070b800000| Untracked |  0
|  85|0x000000070ba00000, 0x000000070ba00000, 0x000000070bc00000|  0%| F|  |TAMS 0x000000070ba00000| PB 0x000000070ba00000| Untracked |  0
|  86|0x000000070bc00000, 0x000000070bc00000, 0x000000070be00000|  0%| F|  |TAMS 0x000000070bc00000| PB 0x000000070bc00000| Untracked |  0
|  87|0x000000070be00000, 0x000000070be00000, 0x000000070c000000|  0%| F|  |TAMS 0x000000070be00000| PB 0x000000070be00000| Untracked |  0
|  88|0x000000070c000000, 0x000000070c000000, 0x000000070c200000|  0%| F|  |TAMS 0x000000070c000000| PB 0x000000070c000000| Untracked |  0
|  89|0x000000070c200000, 0x000000070c200000, 0x000000070c400000|  0%| F|  |TAMS 0x000000070c200000| PB 0x000000070c200000| Untracked |  0
|  90|0x000000070c400000, 0x000000070c400000, 0x000000070c600000|  0%| F|  |TAMS 0x000000070c400000| PB 0x000000070c400000| Untracked |  0
|  91|0x000000070c600000, 0x000000070c600000, 0x000000070c800000|  0%| F|  |TAMS 0x000000070c600000| PB 0x000000070c600000| Untracked |  0
|  92|0x000000070c800000, 0x000000070c800000, 0x000000070ca00000|  0%| F|  |TAMS 0x000000070c800000| PB 0x000000070c800000| Untracked |  0
|  93|0x000000070ca00000, 0x000000070ca00000, 0x000000070cc00000|  0%| F|  |TAMS 0x000000070ca00000| PB 0x000000070ca00000| Untracked |  0
|  94|0x000000070cc00000, 0x000000070cc00000, 0x000000070ce00000|  0%| F|  |TAMS 0x000000070cc00000| PB 0x000000070cc00000| Untracked |  0
|  95|0x000000070ce00000, 0x000000070ce00000, 0x000000070d000000|  0%| F|  |TAMS 0x000000070ce00000| PB 0x000000070ce00000| Untracked |  0
|  96|0x000000070d000000, 0x000000070d000000, 0x000000070d200000|  0%| F|  |TAMS 0x000000070d000000| PB 0x000000070d000000| Untracked |  0
|  97|0x000000070d200000, 0x000000070d200000, 0x000000070d400000|  0%| F|  |TAMS 0x000000070d200000| PB 0x000000070d200000| Untracked |  0
|  98|0x000000070d400000, 0x000000070d400000, 0x000000070d600000|  0%| F|  |TAMS 0x000000070d400000| PB 0x000000070d400000| Untracked |  0
|  99|0x000000070d600000, 0x000000070d600000, 0x000000070d800000|  0%| F|  |TAMS 0x000000070d600000| PB 0x000000070d600000| Untracked |  0
| 100|0x000000070d800000, 0x000000070d800000, 0x000000070da00000|  0%| F|  |TAMS 0x000000070d800000| PB 0x000000070d800000| Untracked |  0
| 101|0x000000070da00000, 0x000000070da00000, 0x000000070dc00000|  0%| F|  |TAMS 0x000000070da00000| PB 0x000000070da00000| Untracked |  0
| 102|0x000000070dc00000, 0x000000070dc00000, 0x000000070de00000|  0%| F|  |TAMS 0x000000070dc00000| PB 0x000000070dc00000| Untracked |  0
| 103|0x000000070de00000, 0x000000070de00000, 0x000000070e000000|  0%| F|  |TAMS 0x000000070de00000| PB 0x000000070de00000| Untracked |  0
| 104|0x000000070e000000, 0x000000070e000000, 0x000000070e200000|  0%| F|  |TAMS 0x000000070e000000| PB 0x000000070e000000| Untracked |  0
| 105|0x000000070e200000, 0x000000070e200000, 0x000000070e400000|  0%| F|  |TAMS 0x000000070e200000| PB 0x000000070e200000| Untracked |  0
| 106|0x000000070e400000, 0x000000070e400000, 0x000000070e600000|  0%| F|  |TAMS 0x000000070e400000| PB 0x000000070e400000| Untracked |  0
| 107|0x000000070e600000, 0x000000070e600000, 0x000000070e800000|  0%| F|  |TAMS 0x000000070e600000| PB 0x000000070e600000| Untracked |  0
| 108|0x000000070e800000, 0x000000070e800000, 0x000000070ea00000|  0%| F|  |TAMS 0x000000070e800000| PB 0x000000070e800000| Untracked |  0
| 109|0x000000070ea00000, 0x000000070ea00000, 0x000000070ec00000|  0%| F|  |TAMS 0x000000070ea00000| PB 0x000000070ea00000| Untracked |  0
| 110|0x000000070ec00000, 0x000000070ec00000, 0x000000070ee00000|  0%| F|  |TAMS 0x000000070ec00000| PB 0x000000070ec00000| Untracked |  0
| 111|0x000000070ee00000, 0x000000070ee00000, 0x000000070f000000|  0%| F|  |TAMS 0x000000070ee00000| PB 0x000000070ee00000| Untracked |  0
| 112|0x000000070f000000, 0x000000070f000000, 0x000000070f200000|  0%| F|  |TAMS 0x000000070f000000| PB 0x000000070f000000| Untracked |  0
| 113|0x000000070f200000, 0x000000070f200000, 0x000000070f400000|  0%| F|  |TAMS 0x000000070f200000| PB 0x000000070f200000| Untracked |  0
| 114|0x000000070f400000, 0x000000070f400000, 0x000000070f600000|  0%| F|  |TAMS 0x000000070f400000| PB 0x000000070f400000| Untracked |  0
| 115|0x000000070f600000, 0x000000070f600000, 0x000000070f800000|  0%| F|  |TAMS 0x000000070f600000| PB 0x000000070f600000| Untracked |  0
| 116|0x000000070f800000, 0x000000070f800000, 0x000000070fa00000|  0%| F|  |TAMS 0x000000070f800000| PB 0x000000070f800000| Untracked |  0
| 117|0x000000070fa00000, 0x000000070fa00000, 0x000000070fc00000|  0%| F|  |TAMS 0x000000070fa00000| PB 0x000000070fa00000| Untracked |  0
| 118|0x000000070fc00000, 0x000000070fc00000, 0x000000070fe00000|  0%| F|  |TAMS 0x000000070fc00000| PB 0x000000070fc00000| Untracked |  0
| 119|0x000000070fe00000, 0x000000070fe00000, 0x0000000710000000|  0%| F|  |TAMS 0x000000070fe00000| PB 0x000000070fe00000| Untracked |  0
| 120|0x0000000710000000, 0x00000007101f3910, 0x0000000710200000| 97%| E|  |TAMS 0x0000000710000000| PB 0x0000000710000000| Complete |  0
| 121|0x0000000710200000, 0x0000000710400000, 0x0000000710400000|100%| E|CS|TAMS 0x0000000710200000| PB 0x0000000710200000| Complete |  0
| 122|0x0000000710400000, 0x0000000710600000, 0x0000000710600000|100%| E|CS|TAMS 0x0000000710400000| PB 0x0000000710400000| Complete |  0
| 123|0x0000000710600000, 0x0000000710800000, 0x0000000710800000|100%| E|CS|TAMS 0x0000000710600000| PB 0x0000000710600000| Complete |  0
| 124|0x0000000710800000, 0x0000000710a00000, 0x0000000710a00000|100%| E|CS|TAMS 0x0000000710800000| PB 0x0000000710800000| Complete |  0
| 125|0x0000000710a00000, 0x0000000710c00000, 0x0000000710c00000|100%| E|CS|TAMS 0x0000000710a00000| PB 0x0000000710a00000| Complete |  0
| 126|0x0000000710c00000, 0x0000000710e00000, 0x0000000710e00000|100%| E|CS|TAMS 0x0000000710c00000| PB 0x0000000710c00000| Complete |  0
| 127|0x0000000710e00000, 0x0000000711000000, 0x0000000711000000|100%| E|CS|TAMS 0x0000000710e00000| PB 0x0000000710e00000| Complete |  0

Card table byte_map: [0x000001db795d0000,0x000001db79dd0000] _byte_map_base: 0x000001db75dc8000

Marking Bits: (CMBitMap*) 0x000001db617afe40
 Bits: [0x000001db79dd0000, 0x000001db7dd90000)

Polling page: 0x000001db60f20000

Metaspace:

Usage:
  Non-class:      2.16 MB used.
      Class:    261.66 KB used.
       Both:      2.42 MB used.

Virtual space:
  Non-class space:       64.00 MB reserved,       2.25 MB (  4%) committed,  1 nodes.
      Class space:        1.00 GB reserved,     384.00 KB ( <1%) committed,  1 nodes.
             Both:        1.06 GB reserved,       2.62 MB ( <1%) committed. 

Chunk freelists:
   Non-Class:  10.88 MB
       Class:  15.54 MB
        Both:  26.43 MB

MaxMetaspaceSize: unlimited
CompressedClassSpaceSize: 1.00 GB
Initial GC threshold: 21.00 MB
Current GC threshold: 21.00 MB
CDS: on
 - commit_granule_bytes: 65536.
 - commit_granule_words: 8192.
 - virtual_space_node_default_size: 8388608.
 - enlarge_chunks_in_place: 1.
 - use_allocation_guard: 0.


Internal statistics:

num_allocs_failed_limit: 0.
num_arena_births: 102.
num_arena_deaths: 0.
num_vsnodes_births: 2.
num_vsnodes_deaths: 0.
num_space_committed: 42.
num_space_uncommitted: 0.
num_chunks_returned_to_freelist: 0.
num_chunks_taken_from_freelist: 176.
num_chunk_merges: 0.
num_chunk_splits: 115.
num_chunks_enlarged: 67.
num_inconsistent_stats: 0.

CodeHeap 'non-profiled nmethods': size=120000Kb used=296Kb max_used=296Kb free=119703Kb
 bounds [0x000001db71570000, 0x000001db717e0000, 0x000001db78aa0000]
CodeHeap 'profiled nmethods': size=120000Kb used=1034Kb max_used=1034Kb free=118965Kb
 bounds [0x000001db69aa0000, 0x000001db69d10000, 0x000001db70fd0000]
CodeHeap 'non-nmethods': size=5760Kb used=1359Kb max_used=1382Kb free=4400Kb
 bounds [0x000001db70fd0000, 0x000001db71240000, 0x000001db71570000]
 total_blobs=1215 nmethods=753 adapters=367
 compilation: enabled
              stopped_count=0, restarted_count=0
 full_count=0

Compilation events (20 events):
Event: 0.471 Thread 0x000001db00825a80  740       3       jdk.internal.org.objectweb.asm.SymbolTable::addConstantMemberReference (147 bytes)
Event: 0.471 Thread 0x000001db00825a80 nmethod 740 0x000001db69b9d010 code [0x000001db69b9d2a0, 0x000001db69b9db60]
Event: 0.471 Thread 0x000001db00825a80  741       3       jdk.internal.org.objectweb.asm.SymbolTable::hash (20 bytes)
Event: 0.471 Thread 0x000001db00825a80 nmethod 741 0x000001db69b9e090 code [0x000001db69b9e240, 0x000001db69b9e400]
Event: 0.471 Thread 0x000001db00825a80  743       3       java.lang.invoke.InvokerBytecodeGenerator::emitLoadInsn (21 bytes)
Event: 0.471 Thread 0x000001db00825a80 nmethod 743 0x000001db69b9e590 code [0x000001db69b9e740, 0x000001db69b9e9a0]
Event: 0.472 Thread 0x000001db00825a80  744       3       java.lang.invoke.InvokerBytecodeGenerator::loadInsnOpcode (98 bytes)
Event: 0.472 Thread 0x000001db00825a80 nmethod 744 0x000001db69b9eb10 code [0x000001db69b9ed80, 0x000001db69b9f6e0]
Event: 0.472 Thread 0x000001db00825a80  747       3       java.lang.invoke.InvokerBytecodeGenerator::emitPushArgument (150 bytes)
Event: 0.472 Thread 0x000001db00825a80 nmethod 747 0x000001db69b9fa10 code [0x000001db69b9fce0, 0x000001db69ba0a10]
Event: 0.472 Thread 0x000001db00825a80  750       3       java.lang.invoke.LambdaForm$BasicType::basicTypeSlots (8 bytes)
Event: 0.472 Thread 0x000001db00825a80 nmethod 750 0x000001db69ba0d90 code [0x000001db69ba0f20, 0x000001db69ba1098]
Event: 0.472 Thread 0x000001db00825a80  751       3       sun.invoke.util.Wrapper::stackSlots (9 bytes)
Event: 0.472 Thread 0x000001db00825a80 nmethod 751 0x000001db69ba1190 code [0x000001db69ba1320, 0x000001db69ba1430]
Event: 0.473 Thread 0x000001db00825a80  754       3       jdk.internal.org.objectweb.asm.Handler::getExceptionTableSize (10 bytes)
Event: 0.473 Thread 0x000001db00825a80 nmethod 754 0x000001db69ba1490 code [0x000001db69ba1640, 0x000001db69ba1838]
Event: 0.473 Thread 0x000001db00825a80  752       3       jdk.internal.org.objectweb.asm.Attribute::computeAttributesSize (62 bytes)
Event: 0.473 Thread 0x000001db00825a80 nmethod 752 0x000001db69ba1990 code [0x000001db69ba1b60, 0x000001db69ba1e48]
Event: 0.473 Thread 0x000001db00825a80  753       3       jdk.internal.org.objectweb.asm.Attribute::putAttributes (78 bytes)
Event: 0.473 Thread 0x000001db00825a80 nmethod 753 0x000001db69ba1f90 code [0x000001db69ba21e0, 0x000001db69ba2708]

GC Heap History (0 events):
No events

Dll operation events (20 events):
Event: 0.310 Loaded shared library C:\Program Files\Java\jdk-22\bin\api-ms-win-crt-filesystem-l1-1-0.dll
Event: 0.312 Loaded shared library C:\Program Files\Java\jdk-22\bin\api-ms-win-crt-heap-l1-1-0.dll
Event: 0.314 Loaded shared library C:\Program Files\Java\jdk-22\bin\api-ms-win-crt-locale-l1-1-0.dll
Event: 0.317 Loaded shared library C:\Program Files\Java\jdk-22\bin\api-ms-win-crt-math-l1-1-0.dll
Event: 0.319 Loaded shared library C:\Program Files\Java\jdk-22\bin\api-ms-win-crt-multibyte-l1-1-0.dll
Event: 0.321 Loaded shared library C:\Program Files\Java\jdk-22\bin\api-ms-win-crt-private-l1-1-0.dll
Event: 0.323 Loaded shared library C:\Program Files\Java\jdk-22\bin\api-ms-win-crt-process-l1-1-0.dll
Event: 0.326 Loaded shared library C:\Program Files\Java\jdk-22\bin\api-ms-win-crt-runtime-l1-1-0.dll
Event: 0.328 Loaded shared library C:\Program Files\Java\jdk-22\bin\api-ms-win-crt-stdio-l1-1-0.dll
Event: 0.330 Loaded shared library C:\Program Files\Java\jdk-22\bin\api-ms-win-crt-string-l1-1-0.dll
Event: 0.333 Loaded shared library C:\Program Files\Java\jdk-22\bin\api-ms-win-crt-time-l1-1-0.dll
Event: 0.335 Loaded shared library C:\Program Files\Java\jdk-22\bin\api-ms-win-crt-utility-l1-1-0.dll
Event: 0.343 Loaded shared library C:\Program Files\Java\jdk-22\bin\ucrtbase.dll
Event: 0.345 Loaded shared library C:\Program Files\Java\jdk-22\bin\vcruntime140.dll
Event: 0.346 Loaded shared library C:\Program Files\Java\jdk-22\bin\vcruntime140_1.dll
Event: 0.347 Loaded shared library C:\Program Files\Java\jdk-22\bin\msvcp140.dll
Event: 0.349 Loaded shared library C:\Windows\System32\msvcp140_1.dll
Event: 0.354 Loaded shared library C:\Windows\System32\msvcp140_2.dll
Event: 0.389 Loaded shared library C:\Program Files\Java\jre1.8.0_421\bin\prism_d3d.dll
Event: 0.465 Loaded shared library C:\Program Files\Java\jre1.8.0_421\bin\glass.dll

Deoptimization events (20 events):
Event: 0.163 Thread 0x000001db5f5d93d0 Uncommon trap: trap_request=0xffffff45 fr.pc=0x000001db715884f4 relative=0x0000000000000534
Event: 0.163 Thread 0x000001db5f5d93d0 Uncommon trap: reason=unstable_if action=reinterpret pc=0x000001db715884f4 method=java.lang.StringLatin1.newString([BII)Ljava/lang/String; @ 1 c2
Event: 0.163 Thread 0x000001db5f5d93d0 DEOPT PACKING pc=0x000001db715884f4 sp=0x00000053103fed40
Event: 0.163 Thread 0x000001db5f5d93d0 DEOPT UNPACKING pc=0x000001db710246a2 sp=0x00000053103fed20 mode 2
Event: 0.163 Thread 0x000001db5f5d93d0 Uncommon trap: trap_request=0xffffff45 fr.pc=0x000001db7158b4a8 relative=0x0000000000000cc8
Event: 0.163 Thread 0x000001db5f5d93d0 Uncommon trap: reason=unstable_if action=reinterpret pc=0x000001db7158b4a8 method=java.util.HashMap.putVal(ILjava/lang/Object;Ljava/lang/Object;ZZ)Ljava/lang/Object; @ 81 c2
Event: 0.163 Thread 0x000001db5f5d93d0 DEOPT PACKING pc=0x000001db7158b4a8 sp=0x00000053103fefc0
Event: 0.163 Thread 0x000001db5f5d93d0 DEOPT UNPACKING pc=0x000001db710246a2 sp=0x00000053103fef70 mode 2
Event: 0.171 Thread 0x000001db5f5d93d0 Uncommon trap: trap_request=0xffffff45 fr.pc=0x000001db7157d2e4 relative=0x00000000000000c4
Event: 0.171 Thread 0x000001db5f5d93d0 Uncommon trap: reason=unstable_if action=reinterpret pc=0x000001db7157d2e4 method=java.lang.String.isLatin1()Z @ 10 c2
Event: 0.171 Thread 0x000001db5f5d93d0 DEOPT PACKING pc=0x000001db7157d2e4 sp=0x00000053103ff210
Event: 0.171 Thread 0x000001db5f5d93d0 DEOPT UNPACKING pc=0x000001db710246a2 sp=0x00000053103ff150 mode 2
Event: 0.230 Thread 0x000001db5f5d93d0 Uncommon trap: trap_request=0xffffff45 fr.pc=0x000001db71595784 relative=0x0000000000001dc4
Event: 0.230 Thread 0x000001db5f5d93d0 Uncommon trap: reason=unstable_if action=reinterpret pc=0x000001db71595784 method=jdk.internal.module.Checks.isJavaIdentifier(Ljava/lang/String;)Z @ 4 c2
Event: 0.230 Thread 0x000001db5f5d93d0 DEOPT PACKING pc=0x000001db71595784 sp=0x00000053103febb0
Event: 0.230 Thread 0x000001db5f5d93d0 DEOPT UNPACKING pc=0x000001db710246a2 sp=0x00000053103feb28 mode 2
Event: 0.244 Thread 0x000001db5f5d93d0 Uncommon trap: trap_request=0xffffff45 fr.pc=0x000001db71585a08 relative=0x0000000000000708
Event: 0.244 Thread 0x000001db5f5d93d0 Uncommon trap: reason=unstable_if action=reinterpret pc=0x000001db71585a08 method=jdk.internal.module.Checks.isJavaIdentifier(Ljava/lang/String;)Z @ 4 c2
Event: 0.244 Thread 0x000001db5f5d93d0 DEOPT PACKING pc=0x000001db71585a08 sp=0x00000053103feb70
Event: 0.244 Thread 0x000001db5f5d93d0 DEOPT UNPACKING pc=0x000001db710246a2 sp=0x00000053103feb18 mode 2

Classes loaded (20 events):
Event: 0.457 Loading class java/lang/ProcessEnvironment$NameComparator
Event: 0.457 Loading class java/lang/ProcessEnvironment$NameComparator done
Event: 0.457 Loading class java/lang/ProcessEnvironment$EntryComparator
Event: 0.457 Loading class java/lang/ProcessEnvironment$EntryComparator done
Event: 0.457 Loading class java/lang/ProcessEnvironment$CheckedEntrySet
Event: 0.457 Loading class java/lang/ProcessEnvironment$CheckedEntrySet done
Event: 0.457 Loading class java/lang/ProcessEnvironment$CheckedEntrySet$1
Event: 0.457 Loading class java/lang/ProcessEnvironment$CheckedEntrySet$1 done
Event: 0.457 Loading class java/lang/ProcessEnvironment$CheckedEntry
Event: 0.457 Loading class java/lang/ProcessEnvironment$CheckedEntry done
Event: 0.466 Loading class java/lang/Throwable$WrappedPrintStream
Event: 0.466 Loading class java/lang/Throwable$PrintStreamOrWriter
Event: 0.466 Loading class java/lang/Throwable$PrintStreamOrWriter done
Event: 0.466 Loading class java/lang/Throwable$WrappedPrintStream done
Event: 0.467 Loading class java/lang/StackTraceElement$HashedModules
Event: 0.467 Loading class java/lang/StackTraceElement$HashedModules done
Event: 0.468 Loading class java/util/concurrent/BlockingDeque
Event: 0.469 Loading class java/util/concurrent/BlockingDeque done
Event: 0.469 Loading class java/util/concurrent/LinkedBlockingDeque
Event: 0.469 Loading class java/util/concurrent/LinkedBlockingDeque done

Classes unloaded (0 events):
No events

Classes redefined (0 events):
No events

Internal exceptions (12 events):
Event: 0.077 Thread 0x000001db5f5d93d0 Exception <a 'sun/nio/fs/WindowsException'{0x0000000710c2ca28}> (0x0000000710c2ca28) 
thrown [s\open\src\hotspot\share\prims\jni.cpp, line 520]
Event: 0.079 Thread 0x000001db5f5d93d0 Exception <a 'sun/nio/fs/WindowsException'{0x0000000710c2f048}> (0x0000000710c2f048) 
thrown [s\open\src\hotspot\share\prims\jni.cpp, line 520]
Event: 0.190 Thread 0x000001db5f5d93d0 Exception <a 'java/lang/NoSuchMethodError'{0x000000071070c178}: 'void java.lang.invoke.DirectMethodHandle$Holder.invokeStatic(java.lang.Object, java.lang.Object, java.lang.Object, java.lang.Object)'> (0x000000071070c178) 
thrown [s\open\src\hotspot\share\interpreter\linkResolver.cpp, line 774]
Event: 0.191 Thread 0x000001db5f5d93d0 Exception <a 'java/lang/NoSuchMethodError'{0x000000071070ff50}: 'void java.lang.invoke.DirectMethodHandle$Holder.invokeSpecial(java.lang.Object, java.lang.Object, java.lang.Object, java.lang.Object, java.lang.Object)'> (0x000000071070ff50) 
thrown [s\open\src\hotspot\share\interpreter\linkResolver.cpp, line 774]
Event: 0.195 Thread 0x000001db5f5d93d0 Exception <a 'java/lang/NoSuchMethodError'{0x00000007107277e8}: 'java.lang.Object java.lang.invoke.Invokers$Holder.invokeExact_MT(java.lang.Object, java.lang.Object, java.lang.Object, java.lang.Object, java.lang.Object, java.lang.Object)'> (0x00000007107277e8) 
thrown [s\open\src\hotspot\share\interpreter\linkResolver.cpp, line 774]
Event: 0.196 Thread 0x000001db5f5d93d0 Exception <a 'java/lang/NoSuchMethodError'{0x000000071072c450}: 'void java.lang.invoke.DirectMethodHandle$Holder.invokeStatic(java.lang.Object, java.lang.Object)'> (0x000000071072c450) 
thrown [s\open\src\hotspot\share\interpreter\linkResolver.cpp, line 774]
Event: 0.371 Thread 0x000001db5f5d93d0 Exception <a 'java/lang/NoSuchMethodError'{0x0000000710322000}: 'void java.lang.invoke.DirectMethodHandle$Holder.invokeSpecial(java.lang.Object, java.lang.Object, java.lang.Object)'> (0x0000000710322000) 
thrown [s\open\src\hotspot\share\interpreter\linkResolver.cpp, line 774]
Event: 0.378 Thread 0x000001db5f5d93d0 Exception <a 'java/lang/NoSuchMethodError'{0x000000071035e5a0}: 'void java.lang.invoke.DirectMethodHandle$Holder.invokeStatic(java.lang.Object, java.lang.Object, java.lang.Object)'> (0x000000071035e5a0) 
thrown [s\open\src\hotspot\share\interpreter\linkResolver.cpp, line 774]
Event: 0.449 Thread 0x000001db5f5d93d0 Exception <a 'java/lang/NoSuchMethodError'{0x000000071037b3e8}: 'int java.lang.invoke.DirectMethodHandle$Holder.invokeStaticInit(java.lang.Object, java.lang.Object, java.lang.Object)'> (0x000000071037b3e8) 
thrown [s\open\src\hotspot\share\interpreter\linkResolver.cpp, line 774]
Event: 0.466 Thread 0x000001db5f5d93d0 Exception <a 'java/lang/NoSuchMethodError'{0x00000007100cb508}: notifyThemeChanged> (0x00000007100cb508) 
thrown [s\open\src\hotspot\share\prims\jni.cpp, line 1077]
Event: 0.471 Thread 0x000001db5f5d93d0 Exception <a 'java/lang/NoSuchMethodError'{0x00000007100e0bd0}: 'java.lang.Object java.lang.invoke.DirectMethodHandle$Holder.newInvokeSpecial(java.lang.Object, java.lang.Object, int, java.lang.Object)'> (0x00000007100e0bd0) 
thrown [s\open\src\hotspot\share\interpreter\linkResolver.cpp, line 774]
Event: 0.471 Thread 0x000001db5f5d93d0 Exception <a 'java/lang/NoSuchMethodError'{0x00000007100e4e08}: 'java.lang.Object java.lang.invoke.DirectMethodHandle$Holder.invokeSpecial(java.lang.Object, java.lang.Object, java.lang.Object, int, java.lang.Object)'> (0x00000007100e4e08) 
thrown [s\open\src\hotspot\share\interpreter\linkResolver.cpp, line 774]

ZGC Phase Switch (0 events):
No events

VM Operations (6 events):
Event: 0.082 Executing VM operation: HandshakeAllThreads (Deoptimize)
Event: 0.082 Executing VM operation: HandshakeAllThreads (Deoptimize) done
Event: 0.155 Executing VM operation: HandshakeAllThreads (Deoptimize)
Event: 0.155 Executing VM operation: HandshakeAllThreads (Deoptimize) done
Event: 0.457 Executing VM operation: HandshakeAllThreads (Deoptimize)
Event: 0.457 Executing VM operation: HandshakeAllThreads (Deoptimize) done

Events (17 events):
Event: 0.023 Thread 0x000001db5f5d93d0 Thread added: 0x000001db5f5d93d0
Event: 0.034 Thread 0x000001db008102b0 Thread added: 0x000001db008102b0
Event: 0.034 Thread 0x000001db00813ff0 Thread added: 0x000001db00813ff0
Event: 0.034 Thread 0x000001db0081ee20 Thread added: 0x000001db0081ee20
Event: 0.034 Thread 0x000001db0081f880 Thread added: 0x000001db0081f880
Event: 0.034 Thread 0x000001db008202e0 Thread added: 0x000001db008202e0
Event: 0.034 Thread 0x000001db00824240 Thread added: 0x000001db00824240
Event: 0.034 Thread 0x000001db00824fd0 Thread added: 0x000001db00824fd0
Event: 0.034 Thread 0x000001db00825a80 Thread added: 0x000001db00825a80
Event: 0.065 Thread 0x000001db00a438c0 Thread added: 0x000001db00a438c0
Event: 0.122 Thread 0x000001db00a5f3e0 Thread added: 0x000001db00a5f3e0
Event: 0.123 Thread 0x000001db00b2c890 Thread added: 0x000001db00b2c890
Event: 0.170 Thread 0x000001db00a43f50 Thread added: 0x000001db00a43f50
Event: 0.331 Thread 0x000001db00b2c890 Thread exited: 0x000001db00b2c890
Event: 0.379 Thread 0x000001db00a46020 Thread added: 0x000001db00a46020
Event: 0.469 Thread 0x000001db00a46d40 Thread added: 0x000001db00a46d40
Event: 0.473 Thread 0x000001db00a445e0 Thread added: 0x000001db00a445e0


Dynamic libraries:
0x00007ff7141f0000 - 0x00007ff714200000 	C:\Program Files\Java\jdk-22\bin\java.exe
0x00007ff9047d0000 - 0x00007ff9049c8000 	C:\Windows\SYSTEM32\ntdll.dll
0x00007ff903a30000 - 0x00007ff903aed000 	C:\Windows\System32\KERNEL32.DLL
0x00007ff902160000 - 0x00007ff902456000 	C:\Windows\System32\KERNELBASE.dll
0x00007ff902460000 - 0x00007ff902560000 	C:\Windows\System32\ucrtbase.dll
0x00007ff8fdad0000 - 0x00007ff8fdaeb000 	C:\Program Files\Java\jdk-22\bin\VCRUNTIME140.dll
0x00007ff8e7a20000 - 0x00007ff8e7a37000 	C:\Program Files\Java\jdk-22\bin\jli.dll
0x00007ff903040000 - 0x00007ff9030ef000 	C:\Windows\System32\ADVAPI32.dll
0x00007ff9032a0000 - 0x00007ff90333e000 	C:\Windows\System32\msvcrt.dll
0x00007ff903990000 - 0x00007ff903a2c000 	C:\Windows\System32\sechost.dll
0x00007ff9037b0000 - 0x00007ff9038d6000 	C:\Windows\System32\RPCRT4.dll
0x00007ff904590000 - 0x00007ff90472e000 	C:\Windows\System32\USER32.dll
0x00007ff8f05d0000 - 0x00007ff8f086a000 	C:\Windows\WinSxS\amd64_microsoft.windows.common-controls_6595b64144ccf1df_6.0.19041.3636_none_60b6a03d71f818d5\COMCTL32.dll
0x00007ff901f00000 - 0x00007ff901f22000 	C:\Windows\System32\win32u.dll
0x00007ff903010000 - 0x00007ff90303c000 	C:\Windows\System32\GDI32.dll
0x00007ff9025f0000 - 0x00007ff90270a000 	C:\Windows\System32\gdi32full.dll
0x00007ff902090000 - 0x00007ff90212d000 	C:\Windows\System32\msvcp_win.dll
0x00007ff8fb9a0000 - 0x00007ff8fb9aa000 	C:\Windows\SYSTEM32\VERSION.dll
0x00007ff904560000 - 0x00007ff904590000 	C:\Windows\System32\IMM32.DLL
0x00007ff8fdb50000 - 0x00007ff8fdb5c000 	C:\Program Files\Java\jdk-22\bin\vcruntime140_1.dll
0x00007ff8d7d00000 - 0x00007ff8d7d8e000 	C:\Program Files\Java\jdk-22\bin\msvcp140.dll
0x00007ff8911b0000 - 0x00007ff891ef7000 	C:\Program Files\Java\jdk-22\bin\server\jvm.dll
0x00007ff9035b0000 - 0x00007ff90361b000 	C:\Windows\System32\WS2_32.dll
0x00007ff901460000 - 0x00007ff9014ab000 	C:\Windows\SYSTEM32\POWRPROF.dll
0x00007ff8f8f60000 - 0x00007ff8f8f87000 	C:\Windows\SYSTEM32\WINMM.dll
0x00007ff9012d0000 - 0x00007ff9012e2000 	C:\Windows\SYSTEM32\UMPDC.dll
0x00007ff8ffd90000 - 0x00007ff8ffda2000 	C:\Windows\SYSTEM32\kernel.appcore.dll
0x00007ff8e76a0000 - 0x00007ff8e76aa000 	C:\Program Files\Java\jdk-22\bin\jimage.dll
0x00007ff8f85f0000 - 0x00007ff8f87d4000 	C:\Windows\SYSTEM32\DBGHELP.DLL
0x00007ff8ed280000 - 0x00007ff8ed2b4000 	C:\Windows\SYSTEM32\dbgcore.DLL
0x00007ff902560000 - 0x00007ff9025e2000 	C:\Windows\System32\bcryptPrimitives.dll
0x00007ff8e76b0000 - 0x00007ff8e76ce000 	C:\Program Files\Java\jdk-22\bin\java.dll
0x00007ff9028b0000 - 0x00007ff902ff4000 	C:\Windows\System32\SHELL32.dll
0x00007ff903680000 - 0x00007ff9037ab000 	C:\Windows\System32\ole32.dll
0x00007ff903af0000 - 0x00007ff903e44000 	C:\Windows\System32\combase.dll
0x00007ff8fff90000 - 0x00007ff90072b000 	C:\Windows\SYSTEM32\windows.storage.dll
0x00007ff9018f0000 - 0x00007ff90191d000 	C:\Windows\SYSTEM32\Wldp.dll
0x00007ff9038e0000 - 0x00007ff90398d000 	C:\Windows\System32\SHCORE.dll
0x00007ff903f40000 - 0x00007ff903f95000 	C:\Windows\System32\shlwapi.dll
0x00007ff901de0000 - 0x00007ff901e05000 	C:\Windows\SYSTEM32\profapi.dll
0x00007ff8d6bf0000 - 0x00007ff8d6cc7000 	C:\Program Files\Java\jdk-22\bin\jsvml.dll
0x00007ff8e7630000 - 0x00007ff8e7640000 	C:\Program Files\Java\jdk-22\bin\net.dll
0x00007ff901650000 - 0x00007ff9016ba000 	C:\Windows\system32\mswsock.dll
0x00007ff8e7420000 - 0x00007ff8e7436000 	C:\Program Files\Java\jdk-22\bin\nio.dll
0x00007ff8e64e0000 - 0x00007ff8e64f7000 	C:\Program Files\Java\jdk-22\bin\zip.dll
0x000001db00d70000 - 0x000001db00d74000 	C:\Program Files\Java\jdk-22\bin\api-ms-win-core-console-l1-1-0.dll
0x000001db00d80000 - 0x000001db00d84000 	C:\Program Files\Java\jdk-22\bin\api-ms-win-core-console-l1-2-0.dll
0x000001db00d90000 - 0x000001db00d94000 	C:\Program Files\Java\jdk-22\bin\api-ms-win-core-datetime-l1-1-0.dll
0x000001db00da0000 - 0x000001db00da4000 	C:\Program Files\Java\jdk-22\bin\api-ms-win-core-debug-l1-1-0.dll
0x000001db00db0000 - 0x000001db00db4000 	C:\Program Files\Java\jdk-22\bin\api-ms-win-core-errorhandling-l1-1-0.dll
0x000001db00dc0000 - 0x000001db00dc5000 	C:\Program Files\Java\jdk-22\bin\api-ms-win-core-file-l1-1-0.dll
0x000001db00dd0000 - 0x000001db00dd4000 	C:\Program Files\Java\jdk-22\bin\api-ms-win-core-file-l1-2-0.dll
0x000001db00de0000 - 0x000001db00de4000 	C:\Program Files\Java\jdk-22\bin\api-ms-win-core-file-l2-1-0.dll
0x000001db00df0000 - 0x000001db00df4000 	C:\Program Files\Java\jdk-22\bin\api-ms-win-core-handle-l1-1-0.dll
0x000001db00e00000 - 0x000001db00e04000 	C:\Program Files\Java\jdk-22\bin\api-ms-win-core-heap-l1-1-0.dll
0x000001db00e10000 - 0x000001db00e14000 	C:\Program Files\Java\jdk-22\bin\api-ms-win-core-interlocked-l1-1-0.dll
0x000001db00e20000 - 0x000001db00e24000 	C:\Program Files\Java\jdk-22\bin\api-ms-win-core-libraryloader-l1-1-0.dll
0x000001db00e30000 - 0x000001db00e34000 	C:\Program Files\Java\jdk-22\bin\api-ms-win-core-localization-l1-2-0.dll
0x000001db00e40000 - 0x000001db00e44000 	C:\Program Files\Java\jdk-22\bin\api-ms-win-core-memory-l1-1-0.dll
0x000001db00e50000 - 0x000001db00e54000 	C:\Program Files\Java\jdk-22\bin\api-ms-win-core-namedpipe-l1-1-0.dll
0x000001db00e60000 - 0x000001db00e64000 	C:\Program Files\Java\jdk-22\bin\api-ms-win-core-processenvironment-l1-1-0.dll
0x000001db00e70000 - 0x000001db00e74000 	C:\Program Files\Java\jdk-22\bin\api-ms-win-core-processthreads-l1-1-0.dll
0x000001db00e80000 - 0x000001db00e84000 	C:\Program Files\Java\jdk-22\bin\api-ms-win-core-processthreads-l1-1-1.dll
0x000001db00e90000 - 0x000001db00e94000 	C:\Program Files\Java\jdk-22\bin\api-ms-win-core-profile-l1-1-0.dll
0x000001db00ea0000 - 0x000001db00ea4000 	C:\Program Files\Java\jdk-22\bin\api-ms-win-core-rtlsupport-l1-1-0.dll
0x000001db00eb0000 - 0x000001db00eb4000 	C:\Program Files\Java\jdk-22\bin\api-ms-win-core-string-l1-1-0.dll
0x000001db00ec0000 - 0x000001db00ec4000 	C:\Program Files\Java\jdk-22\bin\api-ms-win-core-synch-l1-1-0.dll
0x000001db00ed0000 - 0x000001db00ed4000 	C:\Program Files\Java\jdk-22\bin\api-ms-win-core-synch-l1-2-0.dll
0x000001db00ee0000 - 0x000001db00ee4000 	C:\Program Files\Java\jdk-22\bin\api-ms-win-core-sysinfo-l1-1-0.dll
0x000001db00ef0000 - 0x000001db00ef4000 	C:\Program Files\Java\jdk-22\bin\api-ms-win-core-timezone-l1-1-0.dll
0x000001db00f00000 - 0x000001db00f04000 	C:\Program Files\Java\jdk-22\bin\api-ms-win-core-util-l1-1-0.dll
0x000001db00f10000 - 0x000001db00f14000 	C:\Program Files\Java\jdk-22\bin\api-ms-win-crt-conio-l1-1-0.dll
0x000001db00f20000 - 0x000001db00f25000 	C:\Program Files\Java\jdk-22\bin\api-ms-win-crt-convert-l1-1-0.dll
0x000001db00f30000 - 0x000001db00f34000 	C:\Program Files\Java\jdk-22\bin\api-ms-win-crt-environment-l1-1-0.dll
0x000001db00f40000 - 0x000001db00f44000 	C:\Program Files\Java\jdk-22\bin\api-ms-win-crt-filesystem-l1-1-0.dll
0x000001db00f50000 - 0x000001db00f54000 	C:\Program Files\Java\jdk-22\bin\api-ms-win-crt-heap-l1-1-0.dll
0x000001db00f60000 - 0x000001db00f64000 	C:\Program Files\Java\jdk-22\bin\api-ms-win-crt-locale-l1-1-0.dll
0x000001db00f70000 - 0x000001db00f76000 	C:\Program Files\Java\jdk-22\bin\api-ms-win-crt-math-l1-1-0.dll
0x000001db00f80000 - 0x000001db00f86000 	C:\Program Files\Java\jdk-22\bin\api-ms-win-crt-multibyte-l1-1-0.dll
0x000001db00f90000 - 0x000001db00fa1000 	C:\Program Files\Java\jdk-22\bin\api-ms-win-crt-private-l1-1-0.dll
0x000001db00fb0000 - 0x000001db00fb4000 	C:\Program Files\Java\jdk-22\bin\api-ms-win-crt-process-l1-1-0.dll
0x000001db00fc0000 - 0x000001db00fc5000 	C:\Program Files\Java\jdk-22\bin\api-ms-win-crt-runtime-l1-1-0.dll
0x000001db00fd0000 - 0x000001db00fd5000 	C:\Program Files\Java\jdk-22\bin\api-ms-win-crt-stdio-l1-1-0.dll
0x000001db00fe0000 - 0x000001db00fe5000 	C:\Program Files\Java\jdk-22\bin\api-ms-win-crt-string-l1-1-0.dll
0x000001db00ff0000 - 0x000001db00ff4000 	C:\Program Files\Java\jdk-22\bin\api-ms-win-crt-time-l1-1-0.dll
0x000001db477d0000 - 0x000001db477d4000 	C:\Program Files\Java\jdk-22\bin\api-ms-win-crt-utility-l1-1-0.dll
0x00007ff8bcf70000 - 0x00007ff8bd081000 	C:\Program Files\Java\jdk-22\bin\ucrtbase.dll
0x00007ff8e8370000 - 0x00007ff8e8379000 	C:\Windows\System32\msvcp140_1.dll
0x00007ff8de2c0000 - 0x00007ff8de301000 	C:\Windows\System32\msvcp140_2.dll
0x00007ff8e27e0000 - 0x00007ff8e2803000 	C:\Program Files\Java\jre1.8.0_421\bin\prism_d3d.dll
0x00007ff8e9260000 - 0x00007ff8e942d000 	C:\Windows\system32\d3d9.dll
0x00007ff8ffaa0000 - 0x00007ff8ffacf000 	C:\Windows\SYSTEM32\dwmapi.dll
0x00007ff8ff8c0000 - 0x00007ff8ff95e000 	C:\Windows\system32\uxtheme.dll
0x00007ff8f9ac0000 - 0x00007ff8f9b81000 	C:\Windows\System32\DriverStore\FileRepository\nv_dispig.inf_amd64_cc569e59ca39c5fe\nvldumdx.dll
0x00007ff901a80000 - 0x00007ff901a92000 	C:\Windows\SYSTEM32\msasn1.dll
0x00007ff8fb960000 - 0x00007ff8fb991000 	C:\Windows\SYSTEM32\cryptnet.dll
0x00007ff901f30000 - 0x00007ff90208d000 	C:\Windows\System32\CRYPT32.dll
0x00007ff901840000 - 0x00007ff90184c000 	C:\Windows\SYSTEM32\cryptbase.dll
0x00007ff8fb7a0000 - 0x00007ff8fb8e8000 	C:\Windows\SYSTEM32\drvstore.dll
0x00007ff901c40000 - 0x00007ff901c73000 	C:\Windows\SYSTEM32\devobj.dll
0x00007ff901eb0000 - 0x00007ff901efe000 	C:\Windows\System32\cfgmgr32.dll
0x00007ff9027c0000 - 0x00007ff902827000 	C:\Windows\System32\wintrust.dll
0x00007ff903e50000 - 0x00007ff903e6d000 	C:\Windows\System32\imagehlp.dll
0x00007ff901850000 - 0x00007ff901868000 	C:\Windows\SYSTEM32\CRYPTSP.dll
0x00007ff900f10000 - 0x00007ff900f44000 	C:\Windows\system32\rsaenh.dll
0x00007ff902130000 - 0x00007ff902157000 	C:\Windows\System32\bcrypt.dll
0x00007ff8f67c0000 - 0x00007ff8f85ef000 	C:\Windows\System32\DriverStore\FileRepository\nv_dispig.inf_amd64_cc569e59ca39c5fe\nvgpucomp64.dll
0x00007ff8a48f0000 - 0x00007ff8a6933000 	C:\Windows\System32\DriverStore\FileRepository\nv_dispig.inf_amd64_cc569e59ca39c5fe\nvd3dumx.dll
0x00007ff8d7e60000 - 0x00007ff8d7ea3000 	C:\Program Files\Java\jre1.8.0_421\bin\glass.dll
0x00007ff9034d0000 - 0x00007ff9035aa000 	C:\Windows\System32\COMDLG32.dll
0x00007ff903e70000 - 0x00007ff903f3d000 	C:\Windows\System32\OLEAUT32.dll
0x00007ff9033b0000 - 0x00007ff9034c4000 	C:\Windows\System32\MSCTF.dll

dbghelp: loaded successfully - version: 4.0.5 - missing functions: none
symbol engine: initialized successfully - sym options: 0x614 - pdb path: .;C:\Program Files\Java\jdk-22\bin;C:\Windows\SYSTEM32;C:\Windows\WinSxS\amd64_microsoft.windows.common-controls_6595b64144ccf1df_6.0.19041.3636_none_60b6a03d71f818d5;C:\Program Files\Java\jdk-22\bin\server;C:\Program Files\Java\jre1.8.0_421\bin;C:\Windows\System32\DriverStore\FileRepository\nv_dispig.inf_amd64_cc569e59ca39c5fe

VM Arguments:
jvm_args: -Dfile.encoding=UTF-8 --module-path=C:\javafx-sdk-22.0.2\lib --add-modules=javafx.controls,javafx.graphics,javafx.fxml --module-path=C:\Users\Talong PC\OneDrive\Documents\NetBeansProjects\JavaFXNetBeans\build\classes;C:\Users\Talong PC\OneDrive\Documents\NetBeansProjects\JavaFXNetBeans\lib\javafx-22.0.2\javafx-swt.jar;C:\Users\Talong PC\OneDrive\Documents\NetBeansProjects\JavaFXNetBeans\lib\javafx-22.0.2\javafx.base.jar;C:\Users\Talong PC\OneDrive\Documents\NetBeansProjects\JavaFXNetBeans\lib\javafx-22.0.2\javafx.controls.jar;C:\Users\Talong PC\OneDrive\Documents\NetBeansProjects\JavaFXNetBeans\lib\javafx-22.0.2\javafx.fxml.jar;C:\Users\Talong PC\OneDrive\Documents\NetBeansProjects\JavaFXNetBeans\lib\javafx-22.0.2\javafx.graphics.jar;C:\Users\Talong PC\OneDrive\Documents\NetBeansProjects\JavaFXNetBeans\lib\javafx-22.0.2\javafx.media.jar;C:\Users\Talong PC\OneDrive\Documents\NetBeansProjects\JavaFXNetBeans\lib\javafx-22.0.2\javafx.swing.jar;C:\Users\Talong PC\OneDrive\Documents\NetBeansProjects\JavaFXNetBeans\lib\javafx-22.0.2\javafx.web.jar 
java_command: org.jareth.Main
java_class_path (initial): C:\Users\Talong PC\OneDrive\Documents\NetBeansProjects\JavaFXNetBeans\lib\javafx-22.0.2\javafx-swt.jar;C:\Users\Talong PC\OneDrive\Documents\NetBeansProjects\JavaFXNetBeans\lib\javafx-22.0.2\javafx.base.jar;C:\Users\Talong PC\OneDrive\Documents\NetBeansProjects\JavaFXNetBeans\lib\javafx-22.0.2\javafx.controls.jar;C:\Users\Talong PC\OneDrive\Documents\NetBeansProjects\JavaFXNetBeans\lib\javafx-22.0.2\javafx.fxml.jar;C:\Users\Talong PC\OneDrive\Documents\NetBeansProjects\JavaFXNetBeans\lib\javafx-22.0.2\javafx.graphics.jar;C:\Users\Talong PC\OneDrive\Documents\NetBeansProjects\JavaFXNetBeans\lib\javafx-22.0.2\javafx.media.jar;C:\Users\Talong PC\OneDrive\Documents\NetBeansProjects\JavaFXNetBeans\lib\javafx-22.0.2\javafx.swing.jar;C:\Users\Talong PC\OneDrive\Documents\NetBeansProjects\JavaFXNetBeans\lib\javafx-22.0.2\javafx.web.jar;C:\Users\Talong PC\OneDrive\Documents\NetBeansProjects\JavaFXNetBeans\build\classes
Launcher Type: SUN_STANDARD

[Global flags]
     intx CICompilerCount                          = 4                                         {product} {ergonomic}
     uint ConcGCThreads                            = 2                                         {product} {ergonomic}
     uint G1ConcRefinementThreads                  = 8                                         {product} {ergonomic}
   size_t G1HeapRegionSize                         = 2097152                                   {product} {ergonomic}
   size_t InitialHeapSize                          = 268435456                                 {product} {ergonomic}
   size_t MarkStackSize                            = 4194304                                   {product} {ergonomic}
   size_t MaxHeapSize                              = 4278190080                                {product} {ergonomic}
   size_t MaxNewSize                               = 2566914048                                {product} {ergonomic}
   size_t MinHeapDeltaBytes                        = 2097152                                   {product} {ergonomic}
   size_t MinHeapSize                              = 8388608                                   {product} {ergonomic}
    uintx NonNMethodCodeHeapSize                   = 5839372                                {pd product} {ergonomic}
    uintx NonProfiledCodeHeapSize                  = 122909434                              {pd product} {ergonomic}
    uintx ProfiledCodeHeapSize                     = 122909434                              {pd product} {ergonomic}
    uintx ReservedCodeCacheSize                    = 251658240                              {pd product} {ergonomic}
     bool SegmentedCodeCache                       = true                                      {product} {ergonomic}
   size_t SoftMaxHeapSize                          = 4278190080                             {manageable} {ergonomic}
     bool UseCompressedOops                        = true                           {product lp64_product} {ergonomic}
     bool UseG1GC                                  = true                                      {product} {ergonomic}
     bool UseLargePagesIndividualAllocation        = false                                  {pd product} {ergonomic}

Logging:
Log output configuration:
 #0: stdout all=warning uptime,level,tags foldmultilines=false
 #1: stderr all=off uptime,level,tags foldmultilines=false

Environment Variables:
PATH=C:\Python312\Scripts\;C:\Python312\;C:\Program Files\Common Files\Oracle\Java\javapath;C:\Program Files (x86)\Common Files\Oracle\Java\java8path;C:\Program Files (x86)\Common Files\Oracle\Java\javapath;C:\Windows\system32;C:\Windows;C:\Windows\System32\Wbem;C:\Windows\System32\WindowsPowerShell\v1.0\;C:\Windows\System32\OpenSSH\;C:\Program Files\Java\jdk-21\bin;C:\Program Files\Git\cmd;C:\Program Files\Java\jdk-22\bin;C:\Program Files (x86)\NVIDIA Corporation\PhysX\Common;C:\Program Files\NVIDIA Corporation\NVIDIA NvDLISR;C:\Program Files\Java\jre1.8.0_421\bin;C:\Program Files\nodejs\;C:\ProgramData\chocolatey\bin;C:\ProgramData\ComposerSetup\bin;C:\Users\Talong PC\AppData\Local\Microsoft\WindowsApps;C:\Users\Talong PC\AppData\Local\Programs\Microsoft VS Code\bin;C:\Users\Talong PC\AppData\Local\GitHubDesktop\bin;C:\Users\Talong PC\AppData\Local\JetBrains\Toolbox\scripts;C:\xampp\php;C:\Users\Talong PC\composer;C:\Users\Talong PC\AppData\Roaming\Composer\vendor\bin;C:\Users\Talong PC\AppData\Roaming\npm
USERNAME=Talong PC
OS=Windows_NT
PROCESSOR_IDENTIFIER=Intel64 Family 6 Model 60 Stepping 3, GenuineIntel
TMP=C:\Users\TALONG~1\AppData\Local\Temp
TEMP=C:\Users\TALONG~1\AppData\Local\Temp




Periodic native trim disabled

---------------  S Y S T E M  ---------------

OS:
 Windows 10 , 64 bit Build 19041 (10.0.19041.3636)
OS uptime: 0 days 1:10 hours

CPU: total 8 (initial active 8) (4 cores per cpu, 2 threads per core) family 6 model 60 stepping 3 microcode 0x27, cx8, cmov, fxsr, ht, mmx, sse, sse2, sse3, ssse3, sse4.1, sse4.2, popcnt, lzcnt, tsc, tscinvbit, avx, avx2, aes, erms, clmul, bmi1, bmi2, fma, vzeroupper, clflush, rdtscp, f16c
Processor Information for all 8 processors :
  Max Mhz: 4001, Current Mhz: 4001, Mhz Limit: 4001

Memory: 4k page, system-wide physical 16318M (7516M free)
TotalPageFile size 22974M (AvailPageFile size 11215M)
current process WorkingSet (physical memory assigned to process): 72M, peak: 72M
current process commit charge ("private bytes"): 364M, peak: 364M

vm_info: Java HotSpot(TM) 64-Bit Server VM (22.0.1+8-16) for windows-amd64 JRE (22.0.1+8-16), built on 2024-03-12T10:33:16Z by "mach5one" with MS VC++ 17.6 (VS2022)

END.
